{"C:\\Users\\zahid\\Workspace\\personal-workspace\\kharcha\\src\\components\\app-sidebar.tsx": {"path":"C:\\Users\\zahid\\Workspace\\personal-workspace\\kharcha\\src\\components\\app-sidebar.tsx","statementMap":{"0":{"start":{"line":20,"column":18},"end":{"line":41,"column":null}},"1":{"start":{"line":44,"column":19},"end":{"line":44,"column":null}},"2":{"start":{"line":45,"column":8},"end":{"line":45,"column":null}},"3":{"start":{"line":70,"column":33},"end":{"line":70,"column":63}},"4":{"start":{"line":105,"column":25},"end":{"line":105,"column":null}}},"fnMap":{"0":{"name":"AppSidebar","decl":{"start":{"line":43,"column":16},"end":{"line":43,"column":null}},"loc":{"start":{"line":43,"column":16},"end":{"line":113,"column":null}},"line":43},"1":{"name":"(anonymous_1)","decl":{"start":{"line":69,"column":29},"end":{"line":69,"column":30}},"loc":{"start":{"line":69,"column":30},"end":{"line":96,"column":null}},"line":69},"2":{"name":"(anonymous_2)","decl":{"start":{"line":105,"column":19},"end":{"line":105,"column":25}},"loc":{"start":{"line":105,"column":25},"end":{"line":105,"column":null}},"line":105}},"branchMap":{"0":{"loc":{"start":{"line":77,"column":24},"end":{"line":77,"column":null}},"type":"binary-expr","locations":[{"start":{"line":77,"column":24},"end":{"line":77,"column":36}},{"start":{"line":77,"column":36},"end":{"line":77,"column":null}}],"line":77},"1":{"loc":{"start":{"line":84,"column":26},"end":{"line":84,"column":null}},"type":"binary-expr","locations":[{"start":{"line":84,"column":26},"end":{"line":84,"column":38}},{"start":{"line":84,"column":38},"end":{"line":84,"column":null}}],"line":84},"2":{"loc":{"start":{"line":89,"column":26},"end":{"line":89,"column":null}},"type":"cond-expr","locations":[{"start":{"line":89,"column":37},"end":{"line":89,"column":54}},{"start":{"line":89,"column":54},"end":{"line":89,"column":null}}],"line":89}},"s":{"0":0,"1":0,"2":0,"3":0,"4":0},"f":{"0":0,"1":0,"2":0},"b":{"0":[0,0],"1":[0,0],"2":[0,0]},"meta":{"lastBranch":3,"lastFunction":3,"lastStatement":5,"seen":{"s:20:18:41:Infinity":0,"f:43:16:43:Infinity":0,"s:44:19:44:Infinity":1,"s:45:8:45:Infinity":2,"f:69:29:69:30":1,"s:70:33:70:63":3,"b:77:24:77:36:77:36:77:Infinity":0,"b:84:26:84:38:84:38:84:Infinity":1,"b:89:37:89:54:89:54:89:Infinity":2,"f:105:19:105:25":2,"s:105:25:105:Infinity":4}}}
,"C:\\Users\\zahid\\Workspace\\personal-workspace\\kharcha\\src\\components\\bottom-tab-bar.tsx": {"path":"C:\\Users\\zahid\\Workspace\\personal-workspace\\kharcha\\src\\components\\bottom-tab-bar.tsx","statementMap":{"0":{"start":{"line":5,"column":18},"end":{"line":26,"column":null}},"1":{"start":{"line":29,"column":8},"end":{"line":29,"column":null}},"2":{"start":{"line":35,"column":27},"end":{"line":35,"column":57}}},"fnMap":{"0":{"name":"BottomTabBar","decl":{"start":{"line":28,"column":16},"end":{"line":28,"column":null}},"loc":{"start":{"line":28,"column":16},"end":{"line":75,"column":null}},"line":28},"1":{"name":"(anonymous_1)","decl":{"start":{"line":34,"column":23},"end":{"line":34,"column":24}},"loc":{"start":{"line":34,"column":24},"end":{"line":71,"column":null}},"line":34}},"branchMap":{"0":{"loc":{"start":{"line":42,"column":16},"end":{"line":44,"column":null}},"type":"cond-expr","locations":[{"start":{"line":43,"column":20},"end":{"line":43,"column":null}},{"start":{"line":44,"column":20},"end":{"line":44,"column":null}}],"line":42},"1":{"loc":{"start":{"line":55,"column":16},"end":{"line":55,"column":null}},"type":"binary-expr","locations":[{"start":{"line":55,"column":16},"end":{"line":55,"column":28}},{"start":{"line":55,"column":28},"end":{"line":55,"column":null}}],"line":55},"2":{"loc":{"start":{"line":59,"column":18},"end":{"line":59,"column":null}},"type":"binary-expr","locations":[{"start":{"line":59,"column":18},"end":{"line":59,"column":30}},{"start":{"line":59,"column":30},"end":{"line":59,"column":null}}],"line":59},"3":{"loc":{"start":{"line":65,"column":16},"end":{"line":65,"column":null}},"type":"cond-expr","locations":[{"start":{"line":65,"column":27},"end":{"line":65,"column":45}},{"start":{"line":65,"column":45},"end":{"line":65,"column":null}}],"line":65}},"s":{"0":0,"1":0,"2":0},"f":{"0":0,"1":0},"b":{"0":[0,0],"1":[0,0],"2":[0,0],"3":[0,0]},"meta":{"lastBranch":4,"lastFunction":2,"lastStatement":3,"seen":{"s:5:18:26:Infinity":0,"f:28:16:28:Infinity":0,"s:29:8:29:Infinity":1,"f:34:23:34:24":1,"s:35:27:35:57":2,"b:43:20:43:Infinity:44:20:44:Infinity":0,"b:55:16:55:28:55:28:55:Infinity":1,"b:59:18:59:30:59:30:59:Infinity":2,"b:65:27:65:45:65:45:65:Infinity":3}}}
,"C:\\Users\\zahid\\Workspace\\personal-workspace\\kharcha\\src\\components\\theme-provider.tsx": {"path":"C:\\Users\\zahid\\Workspace\\personal-workspace\\kharcha\\src\\components\\theme-provider.tsx","statementMap":{"0":{"start":{"line":16,"column":41},"end":{"line":19,"column":null}},"1":{"start":{"line":18,"column":18},"end":{"line":18,"column":null}},"2":{"start":{"line":21,"column":13},"end":{"line":22,"column":null}},"3":{"start":{"line":30,"column":25},"end":{"line":31,"column":null}},"4":{"start":{"line":31,"column":10},"end":{"line":31,"column":null}},"5":{"start":{"line":34,"column":2},"end":{"line":50,"column":null}},"6":{"start":{"line":35,"column":17},"end":{"line":35,"column":48}},"7":{"start":{"line":37,"column":4},"end":{"line":37,"column":null}},"8":{"start":{"line":39,"column":4},"end":{"line":47,"column":null}},"9":{"start":{"line":40,"column":26},"end":{"line":43,"column":null}},"10":{"start":{"line":45,"column":6},"end":{"line":45,"column":null}},"11":{"start":{"line":46,"column":6},"end":{"line":46,"column":null}},"12":{"start":{"line":49,"column":4},"end":{"line":49,"column":null}},"13":{"start":{"line":52,"column":16},"end":{"line":58,"column":null}},"14":{"start":{"line":55,"column":6},"end":{"line":55,"column":null}},"15":{"start":{"line":56,"column":6},"end":{"line":56,"column":null}}},"fnMap":{"0":{"name":"(anonymous_0)","decl":{"start":{"line":18,"column":12},"end":{"line":18,"column":18}},"loc":{"start":{"line":18,"column":18},"end":{"line":18,"column":null}},"line":18},"1":{"name":"ThemeProvider","decl":{"start":{"line":24,"column":16},"end":{"line":24,"column":30}},"loc":{"start":{"line":29,"column":21},"end":{"line":65,"column":null}},"line":29},"2":{"name":"(anonymous_2)","decl":{"start":{"line":31,"column":4},"end":{"line":31,"column":10}},"loc":{"start":{"line":31,"column":10},"end":{"line":31,"column":null}},"line":31},"3":{"name":"(anonymous_3)","decl":{"start":{"line":34,"column":12},"end":{"line":34,"column":null}},"loc":{"start":{"line":34,"column":12},"end":{"line":50,"column":5}},"line":34},"4":{"name":"(anonymous_4)","decl":{"start":{"line":54,"column":14},"end":{"line":54,"column":15}},"loc":{"start":{"line":54,"column":15},"end":{"line":57,"column":null}},"line":54}},"branchMap":{"0":{"loc":{"start":{"line":26,"column":2},"end":{"line":26,"column":25}},"type":"default-arg","locations":[{"start":{"line":26,"column":17},"end":{"line":26,"column":25}}],"line":26},"1":{"loc":{"start":{"line":27,"column":2},"end":{"line":27,"column":30}},"type":"default-arg","locations":[{"start":{"line":27,"column":15},"end":{"line":27,"column":30}}],"line":27},"2":{"loc":{"start":{"line":31,"column":10},"end":{"line":31,"column":null}},"type":"binary-expr","locations":[{"start":{"line":31,"column":10},"end":{"line":31,"column":57}},{"start":{"line":31,"column":57},"end":{"line":31,"column":null}}],"line":31},"3":{"loc":{"start":{"line":39,"column":4},"end":{"line":47,"column":null}},"type":"if","locations":[{"start":{"line":39,"column":4},"end":{"line":47,"column":null}},{"start":{},"end":{}}],"line":39},"4":{"loc":{"start":{"line":40,"column":26},"end":{"line":43,"column":null}},"type":"cond-expr","locations":[{"start":{"line":42,"column":10},"end":{"line":42,"column":null}},{"start":{"line":43,"column":10},"end":{"line":43,"column":null}}],"line":40}},"s":{"0":1,"1":0,"2":1,"3":16,"4":11,"5":16,"6":16,"7":16,"8":16,"9":1,"10":1,"11":1,"12":15,"13":16,"14":5,"15":5},"f":{"0":0,"1":16,"2":11,"3":16,"4":5},"b":{"0":[16],"1":[16],"2":[11,10],"3":[1,15],"4":[0,1]},"meta":{"lastBranch":5,"lastFunction":5,"lastStatement":16,"seen":{"s:16:41:19:Infinity":0,"f:18:12:18:18":0,"s:18:18:18:Infinity":1,"s:21:13:22:Infinity":2,"f:24:16:24:30":1,"b:26:17:26:25":0,"b:27:15:27:30":1,"s:30:25:31:Infinity":3,"f:31:4:31:10":2,"s:31:10:31:Infinity":4,"b:31:10:31:57:31:57:31:Infinity":2,"s:34:2:50:Infinity":5,"f:34:12:34:Infinity":3,"s:35:17:35:48":6,"s:37:4:37:Infinity":7,"b:39:4:47:Infinity:undefined:undefined:undefined:undefined":3,"s:39:4:47:Infinity":8,"s:40:26:43:Infinity":9,"b:42:10:42:Infinity:43:10:43:Infinity":4,"s:45:6:45:Infinity":10,"s:46:6:46:Infinity":11,"s:49:4:49:Infinity":12,"s:52:16:58:Infinity":13,"f:54:14:54:15":4,"s:55:6:55:Infinity":14,"s:56:6:56:Infinity":15}}}
,"C:\\Users\\zahid\\Workspace\\personal-workspace\\kharcha\\src\\components\\ui\\accordion.tsx": {"path":"C:\\Users\\zahid\\Workspace\\personal-workspace\\kharcha\\src\\components\\ui\\accordion.tsx","statementMap":{},"fnMap":{"0":{"name":"Accordion","decl":{"start":{"line":7,"column":9},"end":{"line":7,"column":19}},"loc":{"start":{"line":9,"column":55},"end":{"line":11,"column":null}},"line":9},"1":{"name":"AccordionItem","decl":{"start":{"line":13,"column":9},"end":{"line":13,"column":23}},"loc":{"start":{"line":16,"column":55},"end":{"line":24,"column":null}},"line":16},"2":{"name":"AccordionTrigger","decl":{"start":{"line":26,"column":9},"end":{"line":26,"column":26}},"loc":{"start":{"line":30,"column":58},"end":{"line":46,"column":null}},"line":30},"3":{"name":"AccordionContent","decl":{"start":{"line":48,"column":9},"end":{"line":48,"column":26}},"loc":{"start":{"line":52,"column":58},"end":{"line":62,"column":null}},"line":52}},"branchMap":{},"s":{},"f":{"0":0,"1":0,"2":0,"3":0},"b":{},"meta":{"lastBranch":0,"lastFunction":4,"lastStatement":0,"seen":{"f:7:9:7:19":0,"f:13:9:13:23":1,"f:26:9:26:26":2,"f:48:9:48:26":3}}}
,"C:\\Users\\zahid\\Workspace\\personal-workspace\\kharcha\\src\\components\\ui\\add-account-dialog.tsx": {"path":"C:\\Users\\zahid\\Workspace\\personal-workspace\\kharcha\\src\\components\\ui\\add-account-dialog.tsx","statementMap":{"0":{"start":{"line":35,"column":26},"end":{"line":39,"column":null}},"1":{"start":{"line":43,"column":21},"end":{"line":51,"column":null}},"2":{"start":{"line":53,"column":15},"end":{"line":71,"column":null}},"3":{"start":{"line":88,"column":30},"end":{"line":88,"column":null}},"4":{"start":{"line":89,"column":8},"end":{"line":89,"column":null}},"5":{"start":{"line":90,"column":8},"end":{"line":90,"column":null}},"6":{"start":{"line":92,"column":8},"end":{"line":99,"column":null}},"7":{"start":{"line":101,"column":2},"end":{"line":115,"column":null}},"8":{"start":{"line":102,"column":4},"end":{"line":114,"column":null}},"9":{"start":{"line":103,"column":6},"end":{"line":107,"column":null}},"10":{"start":{"line":109,"column":6},"end":{"line":113,"column":null}},"11":{"start":{"line":117,"column":2},"end":{"line":121,"column":null}},"12":{"start":{"line":118,"column":4},"end":{"line":120,"column":null}},"13":{"start":{"line":119,"column":6},"end":{"line":119,"column":null}},"14":{"start":{"line":123,"column":27},"end":{"line":126,"column":null}},"15":{"start":{"line":124,"column":4},"end":{"line":124,"column":null}},"16":{"start":{"line":125,"column":4},"end":{"line":125,"column":null}},"17":{"start":{"line":128,"column":19},"end":{"line":152,"column":null}},"18":{"start":{"line":129,"column":4},"end":{"line":151,"column":null}},"19":{"start":{"line":132,"column":6},"end":{"line":143,"column":null}},"20":{"start":{"line":133,"column":8},"end":{"line":136,"column":null}},"21":{"start":{"line":137,"column":8},"end":{"line":137,"column":null}},"22":{"start":{"line":138,"column":8},"end":{"line":138,"column":null}},"23":{"start":{"line":140,"column":27},"end":{"line":140,"column":null}},"24":{"start":{"line":141,"column":8},"end":{"line":141,"column":null}},"25":{"start":{"line":142,"column":8},"end":{"line":142,"column":null}},"26":{"start":{"line":145,"column":6},"end":{"line":145,"column":null}},"27":{"start":{"line":146,"column":6},"end":{"line":146,"column":null}},"28":{"start":{"line":147,"column":6},"end":{"line":147,"column":null}},"29":{"start":{"line":149,"column":6},"end":{"line":149,"column":null}},"30":{"start":{"line":150,"column":6},"end":{"line":150,"column":null}},"31":{"start":{"line":231,"column":39},"end":{"line":231,"column":null}},"32":{"start":{"line":245,"column":31},"end":{"line":245,"column":null}}},"fnMap":{"0":{"name":"AddAccountDialog","decl":{"start":{"line":81,"column":16},"end":{"line":81,"column":33}},"loc":{"start":{"line":87,"column":24},"end":{"line":259,"column":null}},"line":87},"1":{"name":"(anonymous_1)","decl":{"start":{"line":101,"column":18},"end":{"line":101,"column":null}},"loc":{"start":{"line":101,"column":18},"end":{"line":115,"column":5}},"line":101},"2":{"name":"(anonymous_2)","decl":{"start":{"line":117,"column":18},"end":{"line":117,"column":null}},"loc":{"start":{"line":117,"column":18},"end":{"line":121,"column":5}},"line":117},"3":{"name":"(anonymous_3)","decl":{"start":{"line":123,"column":27},"end":{"line":123,"column":28}},"loc":{"start":{"line":123,"column":28},"end":{"line":126,"column":null}},"line":123},"4":{"name":"(anonymous_4)","decl":{"start":{"line":128,"column":19},"end":{"line":128,"column":26}},"loc":{"start":{"line":128,"column":26},"end":{"line":152,"column":null}},"line":128},"5":{"name":"(anonymous_5)","decl":{"start":{"line":231,"column":33},"end":{"line":231,"column":39}},"loc":{"start":{"line":231,"column":39},"end":{"line":231,"column":null}},"line":231},"6":{"name":"(anonymous_6)","decl":{"start":{"line":245,"column":25},"end":{"line":245,"column":31}},"loc":{"start":{"line":245,"column":31},"end":{"line":245,"column":null}},"line":245}},"branchMap":{"0":{"loc":{"start":{"line":88,"column":45},"end":{"line":88,"column":null}},"type":"binary-expr","locations":[{"start":{"line":88,"column":45},"end":{"line":88,"column":53}},{"start":{"line":88,"column":53},"end":{"line":88,"column":null}}],"line":88},"1":{"loc":{"start":{"line":95,"column":12},"end":{"line":95,"column":null}},"type":"binary-expr","locations":[{"start":{"line":95,"column":12},"end":{"line":95,"column":29}},{"start":{"line":95,"column":29},"end":{"line":95,"column":null}}],"line":95},"2":{"loc":{"start":{"line":96,"column":12},"end":{"line":96,"column":null}},"type":"binary-expr","locations":[{"start":{"line":96,"column":12},"end":{"line":96,"column":58}},{"start":{"line":96,"column":58},"end":{"line":96,"column":null}}],"line":96},"3":{"loc":{"start":{"line":97,"column":16},"end":{"line":97,"column":null}},"type":"binary-expr","locations":[{"start":{"line":97,"column":16},"end":{"line":97,"column":37}},{"start":{"line":97,"column":37},"end":{"line":97,"column":null}}],"line":97},"4":{"loc":{"start":{"line":102,"column":4},"end":{"line":114,"column":null}},"type":"if","locations":[{"start":{"line":102,"column":4},"end":{"line":114,"column":null}},{"start":{"line":108,"column":11},"end":{"line":114,"column":null}}],"line":102},"5":{"loc":{"start":{"line":118,"column":4},"end":{"line":120,"column":null}},"type":"if","locations":[{"start":{"line":118,"column":4},"end":{"line":120,"column":null}},{"start":{},"end":{}}],"line":118},"6":{"loc":{"start":{"line":132,"column":6},"end":{"line":143,"column":null}},"type":"if","locations":[{"start":{"line":132,"column":6},"end":{"line":143,"column":null}},{"start":{"line":139,"column":13},"end":{"line":143,"column":null}}],"line":132},"7":{"loc":{"start":{"line":160,"column":13},"end":{"line":160,"column":null}},"type":"cond-expr","locations":[{"start":{"line":160,"column":23},"end":{"line":160,"column":40}},{"start":{"line":160,"column":40},"end":{"line":160,"column":null}}],"line":160},"8":{"loc":{"start":{"line":163,"column":13},"end":{"line":165,"column":null}},"type":"cond-expr","locations":[{"start":{"line":164,"column":16},"end":{"line":164,"column":null}},{"start":{"line":165,"column":16},"end":{"line":165,"column":null}}],"line":163},"9":{"loc":{"start":{"line":226,"column":26},"end":{"line":228,"column":null}},"type":"cond-expr","locations":[{"start":{"line":227,"column":30},"end":{"line":227,"column":null}},{"start":{"line":228,"column":30},"end":{"line":228,"column":null}}],"line":226},"10":{"loc":{"start":{"line":251,"column":17},"end":{"line":251,"column":47}},"type":"cond-expr","locations":[{"start":{"line":251,"column":27},"end":{"line":251,"column":38}},{"start":{"line":251,"column":38},"end":{"line":251,"column":47}}],"line":251}},"s":{"0":0,"1":0,"2":0,"3":0,"4":0,"5":0,"6":0,"7":0,"8":0,"9":0,"10":0,"11":0,"12":0,"13":0,"14":0,"15":0,"16":0,"17":0,"18":0,"19":0,"20":0,"21":0,"22":0,"23":0,"24":0,"25":0,"26":0,"27":0,"28":0,"29":0,"30":0,"31":0,"32":0},"f":{"0":0,"1":0,"2":0,"3":0,"4":0,"5":0,"6":0},"b":{"0":[0,0],"1":[0,0],"2":[0,0],"3":[0,0],"4":[0,0],"5":[0,0],"6":[0,0],"7":[0,0],"8":[0,0],"9":[0,0],"10":[0,0]},"meta":{"lastBranch":11,"lastFunction":7,"lastStatement":33,"seen":{"s:35:26:39:Infinity":0,"s:43:21:51:Infinity":1,"s:53:15:71:Infinity":2,"f:81:16:81:33":0,"s:88:30:88:Infinity":3,"b:88:45:88:53:88:53:88:Infinity":0,"s:89:8:89:Infinity":4,"s:90:8:90:Infinity":5,"s:92:8:99:Infinity":6,"b:95:12:95:29:95:29:95:Infinity":1,"b:96:12:96:58:96:58:96:Infinity":2,"b:97:16:97:37:97:37:97:Infinity":3,"s:101:2:115:Infinity":7,"f:101:18:101:Infinity":1,"b:102:4:114:Infinity:108:11:114:Infinity":4,"s:102:4:114:Infinity":8,"s:103:6:107:Infinity":9,"s:109:6:113:Infinity":10,"s:117:2:121:Infinity":11,"f:117:18:117:Infinity":2,"b:118:4:120:Infinity:undefined:undefined:undefined:undefined":5,"s:118:4:120:Infinity":12,"s:119:6:119:Infinity":13,"s:123:27:126:Infinity":14,"f:123:27:123:28":3,"s:124:4:124:Infinity":15,"s:125:4:125:Infinity":16,"s:128:19:152:Infinity":17,"f:128:19:128:26":4,"s:129:4:151:Infinity":18,"b:132:6:143:Infinity:139:13:143:Infinity":6,"s:132:6:143:Infinity":19,"s:133:8:136:Infinity":20,"s:137:8:137:Infinity":21,"s:138:8:138:Infinity":22,"s:140:27:140:Infinity":23,"s:141:8:141:Infinity":24,"s:142:8:142:Infinity":25,"s:145:6:145:Infinity":26,"s:146:6:146:Infinity":27,"s:147:6:147:Infinity":28,"s:149:6:149:Infinity":29,"s:150:6:150:Infinity":30,"b:160:23:160:40:160:40:160:Infinity":7,"b:164:16:164:Infinity:165:16:165:Infinity":8,"b:227:30:227:Infinity:228:30:228:Infinity":9,"f:231:33:231:39":5,"s:231:39:231:Infinity":31,"f:245:25:245:31":6,"s:245:31:245:Infinity":32,"b:251:27:251:38:251:38:251:47":10}}}
,"C:\\Users\\zahid\\Workspace\\personal-workspace\\kharcha\\src\\components\\ui\\add-outflow-type-dialog.tsx": {"path":"C:\\Users\\zahid\\Workspace\\personal-workspace\\kharcha\\src\\components\\ui\\add-outflow-type-dialog.tsx","statementMap":{"0":{"start":{"line":36,"column":25},"end":{"line":40,"column":null}},"1":{"start":{"line":42,"column":30},"end":{"line":47,"column":null}},"2":{"start":{"line":51,"column":19},"end":{"line":56,"column":null}},"3":{"start":{"line":58,"column":15},"end":{"line":76,"column":null}},"4":{"start":{"line":78,"column":15},"end":{"line":95,"column":null}},"5":{"start":{"line":112,"column":30},"end":{"line":112,"column":null}},"6":{"start":{"line":113,"column":8},"end":{"line":114,"column":null}},"7":{"start":{"line":116,"column":8},"end":{"line":116,"column":null}},"8":{"start":{"line":118,"column":8},"end":{"line":126,"column":null}},"9":{"start":{"line":128,"column":34},"end":{"line":131,"column":null}},"10":{"start":{"line":133,"column":2},"end":{"line":149,"column":null}},"11":{"start":{"line":134,"column":4},"end":{"line":148,"column":null}},"12":{"start":{"line":135,"column":6},"end":{"line":140,"column":null}},"13":{"start":{"line":142,"column":6},"end":{"line":147,"column":null}},"14":{"start":{"line":151,"column":2},"end":{"line":155,"column":null}},"15":{"start":{"line":152,"column":4},"end":{"line":154,"column":null}},"16":{"start":{"line":153,"column":6},"end":{"line":153,"column":null}},"17":{"start":{"line":157,"column":27},"end":{"line":160,"column":null}},"18":{"start":{"line":158,"column":4},"end":{"line":158,"column":null}},"19":{"start":{"line":159,"column":4},"end":{"line":159,"column":null}},"20":{"start":{"line":162,"column":19},"end":{"line":194,"column":null}},"21":{"start":{"line":163,"column":4},"end":{"line":193,"column":null}},"22":{"start":{"line":166,"column":6},"end":{"line":185,"column":null}},"23":{"start":{"line":167,"column":8},"end":{"line":173,"column":null}},"24":{"start":{"line":174,"column":8},"end":{"line":174,"column":null}},"25":{"start":{"line":175,"column":8},"end":{"line":175,"column":null}},"26":{"start":{"line":177,"column":28},"end":{"line":182,"column":null}},"27":{"start":{"line":183,"column":8},"end":{"line":183,"column":null}},"28":{"start":{"line":184,"column":8},"end":{"line":184,"column":null}},"29":{"start":{"line":187,"column":6},"end":{"line":187,"column":null}},"30":{"start":{"line":188,"column":6},"end":{"line":188,"column":null}},"31":{"start":{"line":189,"column":6},"end":{"line":189,"column":null}},"32":{"start":{"line":191,"column":6},"end":{"line":191,"column":null}},"33":{"start":{"line":192,"column":6},"end":{"line":192,"column":null}},"34":{"start":{"line":275,"column":39},"end":{"line":275,"column":null}},"35":{"start":{"line":293,"column":33},"end":{"line":293,"column":null}},"36":{"start":{"line":378,"column":39},"end":{"line":378,"column":null}},"37":{"start":{"line":393,"column":31},"end":{"line":393,"column":null}}},"fnMap":{"0":{"name":"AddOutflowTypeDialog","decl":{"start":{"line":105,"column":16},"end":{"line":105,"column":37}},"loc":{"start":{"line":111,"column":28},"end":{"line":407,"column":null}},"line":111},"1":{"name":"(anonymous_1)","decl":{"start":{"line":133,"column":18},"end":{"line":133,"column":null}},"loc":{"start":{"line":133,"column":18},"end":{"line":149,"column":5}},"line":133},"2":{"name":"(anonymous_2)","decl":{"start":{"line":151,"column":18},"end":{"line":151,"column":null}},"loc":{"start":{"line":151,"column":18},"end":{"line":155,"column":5}},"line":151},"3":{"name":"(anonymous_3)","decl":{"start":{"line":157,"column":27},"end":{"line":157,"column":28}},"loc":{"start":{"line":157,"column":28},"end":{"line":160,"column":null}},"line":157},"4":{"name":"(anonymous_4)","decl":{"start":{"line":162,"column":19},"end":{"line":162,"column":26}},"loc":{"start":{"line":162,"column":26},"end":{"line":194,"column":null}},"line":162},"5":{"name":"(anonymous_5)","decl":{"start":{"line":275,"column":33},"end":{"line":275,"column":39}},"loc":{"start":{"line":275,"column":39},"end":{"line":275,"column":null}},"line":275},"6":{"name":"(anonymous_6)","decl":{"start":{"line":293,"column":27},"end":{"line":293,"column":33}},"loc":{"start":{"line":293,"column":33},"end":{"line":293,"column":null}},"line":293},"7":{"name":"(anonymous_7)","decl":{"start":{"line":378,"column":33},"end":{"line":378,"column":39}},"loc":{"start":{"line":378,"column":39},"end":{"line":378,"column":null}},"line":378},"8":{"name":"(anonymous_8)","decl":{"start":{"line":393,"column":25},"end":{"line":393,"column":31}},"loc":{"start":{"line":393,"column":31},"end":{"line":393,"column":null}},"line":393}},"branchMap":{"0":{"loc":{"start":{"line":112,"column":45},"end":{"line":112,"column":null}},"type":"binary-expr","locations":[{"start":{"line":112,"column":45},"end":{"line":112,"column":53}},{"start":{"line":112,"column":53},"end":{"line":112,"column":null}}],"line":112},"1":{"loc":{"start":{"line":121,"column":12},"end":{"line":121,"column":null}},"type":"binary-expr","locations":[{"start":{"line":121,"column":12},"end":{"line":121,"column":33}},{"start":{"line":121,"column":33},"end":{"line":121,"column":null}}],"line":121},"2":{"loc":{"start":{"line":122,"column":13},"end":{"line":122,"column":44}},"type":"binary-expr","locations":[{"start":{"line":122,"column":13},"end":{"line":122,"column":35}},{"start":{"line":122,"column":35},"end":{"line":122,"column":44}}],"line":122},"3":{"loc":{"start":{"line":123,"column":16},"end":{"line":123,"column":50}},"type":"binary-expr","locations":[{"start":{"line":123,"column":16},"end":{"line":123,"column":41}},{"start":{"line":123,"column":41},"end":{"line":123,"column":50}}],"line":123},"4":{"loc":{"start":{"line":124,"column":19},"end":{"line":124,"column":null}},"type":"binary-expr","locations":[{"start":{"line":124,"column":19},"end":{"line":124,"column":47}},{"start":{"line":124,"column":47},"end":{"line":124,"column":null}}],"line":124},"5":{"loc":{"start":{"line":134,"column":4},"end":{"line":148,"column":null}},"type":"if","locations":[{"start":{"line":134,"column":4},"end":{"line":148,"column":null}},{"start":{"line":141,"column":11},"end":{"line":148,"column":null}}],"line":134},"6":{"loc":{"start":{"line":139,"column":21},"end":{"line":139,"column":null}},"type":"binary-expr","locations":[{"start":{"line":139,"column":21},"end":{"line":139,"column":44}},{"start":{"line":139,"column":48},"end":{"line":139,"column":null}}],"line":139},"7":{"loc":{"start":{"line":152,"column":4},"end":{"line":154,"column":null}},"type":"if","locations":[{"start":{"line":152,"column":4},"end":{"line":154,"column":null}},{"start":{},"end":{}}],"line":152},"8":{"loc":{"start":{"line":166,"column":6},"end":{"line":185,"column":null}},"type":"if","locations":[{"start":{"line":166,"column":6},"end":{"line":185,"column":null}},{"start":{"line":176,"column":13},"end":{"line":185,"column":null}}],"line":166},"9":{"loc":{"start":{"line":202,"column":13},"end":{"line":202,"column":null}},"type":"cond-expr","locations":[{"start":{"line":202,"column":27},"end":{"line":202,"column":45}},{"start":{"line":202,"column":45},"end":{"line":202,"column":null}}],"line":202},"10":{"loc":{"start":{"line":205,"column":13},"end":{"line":207,"column":null}},"type":"cond-expr","locations":[{"start":{"line":206,"column":16},"end":{"line":206,"column":null}},{"start":{"line":207,"column":16},"end":{"line":207,"column":null}}],"line":205},"11":{"loc":{"start":{"line":270,"column":26},"end":{"line":272,"column":null}},"type":"cond-expr","locations":[{"start":{"line":271,"column":30},"end":{"line":271,"column":null}},{"start":{"line":272,"column":30},"end":{"line":272,"column":null}}],"line":270},"12":{"loc":{"start":{"line":399,"column":17},"end":{"line":399,"column":51}},"type":"cond-expr","locations":[{"start":{"line":399,"column":31},"end":{"line":399,"column":42}},{"start":{"line":399,"column":42},"end":{"line":399,"column":51}}],"line":399}},"s":{"0":0,"1":0,"2":0,"3":0,"4":0,"5":0,"6":0,"7":0,"8":0,"9":0,"10":0,"11":0,"12":0,"13":0,"14":0,"15":0,"16":0,"17":0,"18":0,"19":0,"20":0,"21":0,"22":0,"23":0,"24":0,"25":0,"26":0,"27":0,"28":0,"29":0,"30":0,"31":0,"32":0,"33":0,"34":0,"35":0,"36":0,"37":0},"f":{"0":0,"1":0,"2":0,"3":0,"4":0,"5":0,"6":0,"7":0,"8":0},"b":{"0":[0,0],"1":[0,0],"2":[0,0],"3":[0,0],"4":[0,0],"5":[0,0],"6":[0,0],"7":[0,0],"8":[0,0],"9":[0,0],"10":[0,0],"11":[0,0],"12":[0,0]},"meta":{"lastBranch":13,"lastFunction":9,"lastStatement":38,"seen":{"s:36:25:40:Infinity":0,"s:42:30:47:Infinity":1,"s:51:19:56:Infinity":2,"s:58:15:76:Infinity":3,"s:78:15:95:Infinity":4,"f:105:16:105:37":0,"s:112:30:112:Infinity":5,"b:112:45:112:53:112:53:112:Infinity":0,"s:113:8:114:Infinity":6,"s:116:8:116:Infinity":7,"s:118:8:126:Infinity":8,"b:121:12:121:33:121:33:121:Infinity":1,"b:122:13:122:35:122:35:122:44":2,"b:123:16:123:41:123:41:123:50":3,"b:124:19:124:47:124:47:124:Infinity":4,"s:128:34:131:Infinity":9,"s:133:2:149:Infinity":10,"f:133:18:133:Infinity":1,"b:134:4:148:Infinity:141:11:148:Infinity":5,"s:134:4:148:Infinity":11,"s:135:6:140:Infinity":12,"b:139:21:139:44:139:48:139:Infinity":6,"s:142:6:147:Infinity":13,"s:151:2:155:Infinity":14,"f:151:18:151:Infinity":2,"b:152:4:154:Infinity:undefined:undefined:undefined:undefined":7,"s:152:4:154:Infinity":15,"s:153:6:153:Infinity":16,"s:157:27:160:Infinity":17,"f:157:27:157:28":3,"s:158:4:158:Infinity":18,"s:159:4:159:Infinity":19,"s:162:19:194:Infinity":20,"f:162:19:162:26":4,"s:163:4:193:Infinity":21,"b:166:6:185:Infinity:176:13:185:Infinity":8,"s:166:6:185:Infinity":22,"s:167:8:173:Infinity":23,"s:174:8:174:Infinity":24,"s:175:8:175:Infinity":25,"s:177:28:182:Infinity":26,"s:183:8:183:Infinity":27,"s:184:8:184:Infinity":28,"s:187:6:187:Infinity":29,"s:188:6:188:Infinity":30,"s:189:6:189:Infinity":31,"s:191:6:191:Infinity":32,"s:192:6:192:Infinity":33,"b:202:27:202:45:202:45:202:Infinity":9,"b:206:16:206:Infinity:207:16:207:Infinity":10,"b:271:30:271:Infinity:272:30:272:Infinity":11,"f:275:33:275:39":5,"s:275:39:275:Infinity":34,"f:293:27:293:33":6,"s:293:33:293:Infinity":35,"f:378:33:378:39":7,"s:378:39:378:Infinity":36,"f:393:25:393:31":8,"s:393:31:393:Infinity":37,"b:399:31:399:42:399:42:399:51":12}}}
,"C:\\Users\\zahid\\Workspace\\personal-workspace\\kharcha\\src\\components\\ui\\add-subscription-dialog.tsx": {"path":"C:\\Users\\zahid\\Workspace\\personal-workspace\\kharcha\\src\\components\\ui\\add-subscription-dialog.tsx","statementMap":{"0":{"start":{"line":48,"column":31},"end":{"line":57,"column":null}},"1":{"start":{"line":62,"column":24},"end":{"line":74,"column":null}},"2":{"start":{"line":91,"column":30},"end":{"line":91,"column":null}},"3":{"start":{"line":92,"column":58},"end":{"line":92,"column":null}},"4":{"start":{"line":93,"column":8},"end":{"line":93,"column":null}},"5":{"start":{"line":94,"column":8},"end":{"line":94,"column":null}},"6":{"start":{"line":95,"column":8},"end":{"line":95,"column":null}},"7":{"start":{"line":96,"column":8},"end":{"line":96,"column":null}},"8":{"start":{"line":97,"column":8},"end":{"line":97,"column":null}},"9":{"start":{"line":98,"column":8},"end":{"line":98,"column":null}},"10":{"start":{"line":100,"column":28},"end":{"line":100,"column":null}},"11":{"start":{"line":103,"column":27},"end":{"line":105,"column":null}},"12":{"start":{"line":104,"column":4},"end":{"line":104,"column":null}},"13":{"start":{"line":104,"column":40},"end":{"line":104,"column":null}},"14":{"start":{"line":107,"column":8},"end":{"line":121,"column":null}},"15":{"start":{"line":123,"column":2},"end":{"line":127,"column":null}},"16":{"start":{"line":124,"column":4},"end":{"line":126,"column":null}},"17":{"start":{"line":125,"column":6},"end":{"line":125,"column":null}},"18":{"start":{"line":129,"column":27},"end":{"line":132,"column":null}},"19":{"start":{"line":130,"column":4},"end":{"line":130,"column":null}},"20":{"start":{"line":131,"column":4},"end":{"line":131,"column":null}},"21":{"start":{"line":134,"column":31},"end":{"line":139,"column":null}},"22":{"start":{"line":135,"column":4},"end":{"line":137,"column":null}},"23":{"start":{"line":136,"column":6},"end":{"line":136,"column":null}},"24":{"start":{"line":138,"column":4},"end":{"line":138,"column":null}},"25":{"start":{"line":141,"column":19},"end":{"line":199,"column":null}},"26":{"start":{"line":142,"column":4},"end":{"line":198,"column":null}},"27":{"start":{"line":143,"column":31},"end":{"line":143,"column":null}},"28":{"start":{"line":146,"column":6},"end":{"line":164,"column":null}},"29":{"start":{"line":147,"column":8},"end":{"line":163,"column":null}},"30":{"start":{"line":148,"column":10},"end":{"line":158,"column":null}},"31":{"start":{"line":160,"column":10},"end":{"line":160,"column":null}},"32":{"start":{"line":161,"column":10},"end":{"line":161,"column":null}},"33":{"start":{"line":162,"column":10},"end":{"line":162,"column":null}},"34":{"start":{"line":167,"column":30},"end":{"line":179,"column":null}},"35":{"start":{"line":181,"column":6},"end":{"line":190,"column":null}},"36":{"start":{"line":182,"column":8},"end":{"line":185,"column":null}},"37":{"start":{"line":186,"column":8},"end":{"line":186,"column":null}},"38":{"start":{"line":188,"column":8},"end":{"line":188,"column":null}},"39":{"start":{"line":189,"column":8},"end":{"line":189,"column":null}},"40":{"start":{"line":192,"column":6},"end":{"line":192,"column":null}},"41":{"start":{"line":193,"column":6},"end":{"line":193,"column":null}},"42":{"start":{"line":194,"column":6},"end":{"line":194,"column":null}},"43":{"start":{"line":196,"column":6},"end":{"line":196,"column":null}},"44":{"start":{"line":197,"column":6},"end":{"line":197,"column":null}},"45":{"start":{"line":277,"column":22},"end":{"line":285,"column":null}},"46":{"start":{"line":278,"column":24},"end":{"line":278,"column":null}},"47":{"start":{"line":280,"column":24},"end":{"line":282,"column":null}},"48":{"start":{"line":281,"column":26},"end":{"line":281,"column":null}},"49":{"start":{"line":284,"column":24},"end":{"line":284,"column":null}},"50":{"start":{"line":347,"column":28},"end":{"line":347,"column":null}},"51":{"start":{"line":390,"column":46},"end":{"line":390,"column":null}},"52":{"start":{"line":473,"column":31},"end":{"line":473,"column":null}}},"fnMap":{"0":{"name":"AddSubscriptionDialog","decl":{"start":{"line":84,"column":16},"end":{"line":84,"column":38}},"loc":{"start":{"line":90,"column":29},"end":{"line":494,"column":null}},"line":90},"1":{"name":"(anonymous_1)","decl":{"start":{"line":103,"column":41},"end":{"line":103,"column":null}},"loc":{"start":{"line":103,"column":41},"end":{"line":105,"column":5}},"line":103},"2":{"name":"(anonymous_2)","decl":{"start":{"line":104,"column":30},"end":{"line":104,"column":31}},"loc":{"start":{"line":104,"column":40},"end":{"line":104,"column":null}},"line":104},"3":{"name":"(anonymous_3)","decl":{"start":{"line":123,"column":18},"end":{"line":123,"column":null}},"loc":{"start":{"line":123,"column":18},"end":{"line":127,"column":5}},"line":123},"4":{"name":"(anonymous_4)","decl":{"start":{"line":129,"column":27},"end":{"line":129,"column":28}},"loc":{"start":{"line":129,"column":28},"end":{"line":132,"column":null}},"line":129},"5":{"name":"(anonymous_5)","decl":{"start":{"line":134,"column":31},"end":{"line":134,"column":32}},"loc":{"start":{"line":134,"column":32},"end":{"line":139,"column":null}},"line":134},"6":{"name":"(anonymous_6)","decl":{"start":{"line":141,"column":19},"end":{"line":141,"column":26}},"loc":{"start":{"line":141,"column":26},"end":{"line":199,"column":null}},"line":141},"7":{"name":"(anonymous_7)","decl":{"start":{"line":276,"column":35},"end":{"line":276,"column":36}},"loc":{"start":{"line":276,"column":36},"end":{"line":286,"column":null}},"line":276},"8":{"name":"(anonymous_8)","decl":{"start":{"line":280,"column":35},"end":{"line":280,"column":null}},"loc":{"start":{"line":280,"column":35},"end":{"line":282,"column":27}},"line":280},"9":{"name":"(anonymous_9)","decl":{"start":{"line":346,"column":36},"end":{"line":346,"column":37}},"loc":{"start":{"line":347,"column":28},"end":{"line":347,"column":null}},"line":347},"10":{"name":"(anonymous_10)","decl":{"start":{"line":390,"column":36},"end":{"line":390,"column":37}},"loc":{"start":{"line":390,"column":46},"end":{"line":390,"column":null}},"line":390},"11":{"name":"(anonymous_11)","decl":{"start":{"line":473,"column":25},"end":{"line":473,"column":31}},"loc":{"start":{"line":473,"column":31},"end":{"line":473,"column":null}},"line":473}},"branchMap":{"0":{"loc":{"start":{"line":91,"column":45},"end":{"line":91,"column":null}},"type":"binary-expr","locations":[{"start":{"line":91,"column":45},"end":{"line":91,"column":53}},{"start":{"line":91,"column":53},"end":{"line":91,"column":null}}],"line":91},"1":{"loc":{"start":{"line":100,"column":28},"end":{"line":100,"column":null}},"type":"binary-expr","locations":[{"start":{"line":100,"column":28},"end":{"line":100,"column":66}},{"start":{"line":100,"column":66},"end":{"line":100,"column":null}}],"line":100},"2":{"loc":{"start":{"line":110,"column":14},"end":{"line":110,"column":null}},"type":"binary-expr","locations":[{"start":{"line":110,"column":14},"end":{"line":110,"column":38}},{"start":{"line":110,"column":38},"end":{"line":110,"column":null}}],"line":110},"3":{"loc":{"start":{"line":111,"column":12},"end":{"line":111,"column":null}},"type":"cond-expr","locations":[{"start":{"line":111,"column":27},"end":{"line":111,"column":57}},{"start":{"line":111,"column":57},"end":{"line":111,"column":null}}],"line":111},"4":{"loc":{"start":{"line":112,"column":17},"end":{"line":112,"column":null}},"type":"binary-expr","locations":[{"start":{"line":112,"column":17},"end":{"line":112,"column":44}},{"start":{"line":112,"column":44},"end":{"line":112,"column":null}}],"line":112},"5":{"loc":{"start":{"line":113,"column":16},"end":{"line":113,"column":null}},"type":"binary-expr","locations":[{"start":{"line":113,"column":16},"end":{"line":113,"column":52}},{"start":{"line":113,"column":52},"end":{"line":113,"column":null}}],"line":113},"6":{"loc":{"start":{"line":114,"column":19},"end":{"line":116,"column":null}},"type":"cond-expr","locations":[{"start":{"line":115,"column":10},"end":{"line":115,"column":null}},{"start":{"line":116,"column":10},"end":{"line":116,"column":null}}],"line":114},"7":{"loc":{"start":{"line":117,"column":14},"end":{"line":117,"column":null}},"type":"binary-expr","locations":[{"start":{"line":117,"column":14},"end":{"line":117,"column":48}},{"start":{"line":117,"column":48},"end":{"line":117,"column":null}}],"line":117},"8":{"loc":{"start":{"line":118,"column":17},"end":{"line":118,"column":null}},"type":"binary-expr","locations":[{"start":{"line":118,"column":17},"end":{"line":118,"column":54}},{"start":{"line":118,"column":54},"end":{"line":118,"column":null}}],"line":118},"9":{"loc":{"start":{"line":119,"column":12},"end":{"line":119,"column":null}},"type":"binary-expr","locations":[{"start":{"line":119,"column":12},"end":{"line":119,"column":34}},{"start":{"line":119,"column":34},"end":{"line":119,"column":null}}],"line":119},"10":{"loc":{"start":{"line":124,"column":4},"end":{"line":126,"column":null}},"type":"if","locations":[{"start":{"line":124,"column":4},"end":{"line":126,"column":null}},{"start":{},"end":{}}],"line":124},"11":{"loc":{"start":{"line":135,"column":4},"end":{"line":137,"column":null}},"type":"if","locations":[{"start":{"line":135,"column":4},"end":{"line":137,"column":null}},{"start":{},"end":{}}],"line":135},"12":{"loc":{"start":{"line":146,"column":6},"end":{"line":164,"column":null}},"type":"if","locations":[{"start":{"line":146,"column":6},"end":{"line":164,"column":null}},{"start":{},"end":{}}],"line":146},"13":{"loc":{"start":{"line":181,"column":6},"end":{"line":190,"column":null}},"type":"if","locations":[{"start":{"line":181,"column":6},"end":{"line":190,"column":null}},{"start":{"line":187,"column":13},"end":{"line":190,"column":null}}],"line":181},"14":{"loc":{"start":{"line":208,"column":13},"end":{"line":208,"column":null}},"type":"cond-expr","locations":[{"start":{"line":208,"column":28},"end":{"line":208,"column":50}},{"start":{"line":208,"column":50},"end":{"line":208,"column":null}}],"line":208},"15":{"loc":{"start":{"line":277,"column":22},"end":{"line":285,"column":null}},"type":"if","locations":[{"start":{"line":277,"column":22},"end":{"line":285,"column":null}},{"start":{"line":283,"column":29},"end":{"line":285,"column":null}}],"line":277},"16":{"loc":{"start":{"line":329,"column":30},"end":{"line":329,"column":null}},"type":"binary-expr","locations":[{"start":{"line":329,"column":30},"end":{"line":329,"column":42}},{"start":{"line":329,"column":46},"end":{"line":329,"column":null}}],"line":329},"17":{"loc":{"start":{"line":347,"column":28},"end":{"line":347,"column":null}},"type":"binary-expr","locations":[{"start":{"line":347,"column":28},"end":{"line":347,"column":49}},{"start":{"line":347,"column":49},"end":{"line":347,"column":null}}],"line":347},"18":{"loc":{"start":{"line":373,"column":30},"end":{"line":373,"column":null}},"type":"binary-expr","locations":[{"start":{"line":373,"column":30},"end":{"line":373,"column":42}},{"start":{"line":373,"column":46},"end":{"line":373,"column":null}}],"line":373},"19":{"loc":{"start":{"line":479,"column":17},"end":{"line":479,"column":49}},"type":"cond-expr","locations":[{"start":{"line":479,"column":32},"end":{"line":479,"column":43}},{"start":{"line":479,"column":43},"end":{"line":479,"column":49}}],"line":479}},"s":{"0":0,"1":0,"2":0,"3":0,"4":0,"5":0,"6":0,"7":0,"8":0,"9":0,"10":0,"11":0,"12":0,"13":0,"14":0,"15":0,"16":0,"17":0,"18":0,"19":0,"20":0,"21":0,"22":0,"23":0,"24":0,"25":0,"26":0,"27":0,"28":0,"29":0,"30":0,"31":0,"32":0,"33":0,"34":0,"35":0,"36":0,"37":0,"38":0,"39":0,"40":0,"41":0,"42":0,"43":0,"44":0,"45":0,"46":0,"47":0,"48":0,"49":0,"50":0,"51":0,"52":0},"f":{"0":0,"1":0,"2":0,"3":0,"4":0,"5":0,"6":0,"7":0,"8":0,"9":0,"10":0,"11":0},"b":{"0":[0,0],"1":[0,0],"2":[0,0],"3":[0,0],"4":[0,0],"5":[0,0],"6":[0,0],"7":[0,0],"8":[0,0],"9":[0,0],"10":[0,0],"11":[0,0],"12":[0,0],"13":[0,0],"14":[0,0],"15":[0,0],"16":[0,0],"17":[0,0],"18":[0,0],"19":[0,0]},"meta":{"lastBranch":20,"lastFunction":12,"lastStatement":53,"seen":{"s:48:31:57:Infinity":0,"s:62:24:74:Infinity":1,"f:84:16:84:38":0,"s:91:30:91:Infinity":2,"b:91:45:91:53:91:53:91:Infinity":0,"s:92:58:92:Infinity":3,"s:93:8:93:Infinity":4,"s:94:8:94:Infinity":5,"s:95:8:95:Infinity":6,"s:96:8:96:Infinity":7,"s:97:8:97:Infinity":8,"s:98:8:98:Infinity":9,"s:100:28:100:Infinity":10,"b:100:28:100:66:100:66:100:Infinity":1,"s:103:27:105:Infinity":11,"f:103:41:103:Infinity":1,"s:104:4:104:Infinity":12,"f:104:30:104:31":2,"s:104:40:104:Infinity":13,"s:107:8:121:Infinity":14,"b:110:14:110:38:110:38:110:Infinity":2,"b:111:27:111:57:111:57:111:Infinity":3,"b:112:17:112:44:112:44:112:Infinity":4,"b:113:16:113:52:113:52:113:Infinity":5,"b:115:10:115:Infinity:116:10:116:Infinity":6,"b:117:14:117:48:117:48:117:Infinity":7,"b:118:17:118:54:118:54:118:Infinity":8,"b:119:12:119:34:119:34:119:Infinity":9,"s:123:2:127:Infinity":15,"f:123:18:123:Infinity":3,"b:124:4:126:Infinity:undefined:undefined:undefined:undefined":10,"s:124:4:126:Infinity":16,"s:125:6:125:Infinity":17,"s:129:27:132:Infinity":18,"f:129:27:129:28":4,"s:130:4:130:Infinity":19,"s:131:4:131:Infinity":20,"s:134:31:139:Infinity":21,"f:134:31:134:32":5,"b:135:4:137:Infinity:undefined:undefined:undefined:undefined":11,"s:135:4:137:Infinity":22,"s:136:6:136:Infinity":23,"s:138:4:138:Infinity":24,"s:141:19:199:Infinity":25,"f:141:19:141:26":6,"s:142:4:198:Infinity":26,"s:143:31:143:Infinity":27,"b:146:6:164:Infinity:undefined:undefined:undefined:undefined":12,"s:146:6:164:Infinity":28,"s:147:8:163:Infinity":29,"s:148:10:158:Infinity":30,"s:160:10:160:Infinity":31,"s:161:10:161:Infinity":32,"s:162:10:162:Infinity":33,"s:167:30:179:Infinity":34,"b:181:6:190:Infinity:187:13:190:Infinity":13,"s:181:6:190:Infinity":35,"s:182:8:185:Infinity":36,"s:186:8:186:Infinity":37,"s:188:8:188:Infinity":38,"s:189:8:189:Infinity":39,"s:192:6:192:Infinity":40,"s:193:6:193:Infinity":41,"s:194:6:194:Infinity":42,"s:196:6:196:Infinity":43,"s:197:6:197:Infinity":44,"b:208:28:208:50:208:50:208:Infinity":14,"f:276:35:276:36":7,"b:277:22:285:Infinity:283:29:285:Infinity":15,"s:277:22:285:Infinity":45,"s:278:24:278:Infinity":46,"s:280:24:282:Infinity":47,"f:280:35:280:Infinity":8,"s:281:26:281:Infinity":48,"s:284:24:284:Infinity":49,"b:329:30:329:42:329:46:329:Infinity":16,"f:346:36:346:37":9,"s:347:28:347:Infinity":50,"b:347:28:347:49:347:49:347:Infinity":17,"b:373:30:373:42:373:46:373:Infinity":18,"f:390:36:390:37":10,"s:390:46:390:Infinity":51,"f:473:25:473:31":11,"s:473:31:473:Infinity":52,"b:479:32:479:43:479:43:479:49":19}}}
,"C:\\Users\\zahid\\Workspace\\personal-workspace\\kharcha\\src\\components\\ui\\add-transaction-sheet.tsx": {"path":"C:\\Users\\zahid\\Workspace\\personal-workspace\\kharcha\\src\\components\\ui\\add-transaction-sheet.tsx","statementMap":{"0":{"start":{"line":63,"column":26},"end":{"line":63,"column":null}},"1":{"start":{"line":64,"column":58},"end":{"line":64,"column":null}},"2":{"start":{"line":66,"column":4},"end":{"line":66,"column":null}},"3":{"start":{"line":68,"column":4},"end":{"line":68,"column":null}},"4":{"start":{"line":70,"column":8},"end":{"line":70,"column":null}},"5":{"start":{"line":71,"column":8},"end":{"line":71,"column":null}},"6":{"start":{"line":72,"column":8},"end":{"line":72,"column":null}},"7":{"start":{"line":73,"column":8},"end":{"line":73,"column":null}},"8":{"start":{"line":74,"column":8},"end":{"line":74,"column":null}},"9":{"start":{"line":76,"column":28},"end":{"line":76,"column":null}},"10":{"start":{"line":78,"column":8},"end":{"line":88,"column":null}},"11":{"start":{"line":90,"column":31},"end":{"line":90,"column":null}},"12":{"start":{"line":92,"column":2},"end":{"line":99,"column":null}},"13":{"start":{"line":93,"column":4},"end":{"line":98,"column":null}},"14":{"start":{"line":94,"column":19},"end":{"line":95,"column":null}},"15":{"start":{"line":95,"column":28},"end":{"line":95,"column":null}},"16":{"start":{"line":97,"column":6},"end":{"line":97,"column":null}},"17":{"start":{"line":101,"column":31},"end":{"line":106,"column":null}},"18":{"start":{"line":102,"column":4},"end":{"line":104,"column":null}},"19":{"start":{"line":103,"column":6},"end":{"line":103,"column":null}},"20":{"start":{"line":105,"column":4},"end":{"line":105,"column":null}},"21":{"start":{"line":108,"column":32},"end":{"line":113,"column":null}},"22":{"start":{"line":109,"column":4},"end":{"line":111,"column":null}},"23":{"start":{"line":110,"column":6},"end":{"line":110,"column":null}},"24":{"start":{"line":112,"column":4},"end":{"line":112,"column":null}},"25":{"start":{"line":115,"column":27},"end":{"line":227,"column":null}},"26":{"start":{"line":116,"column":33},"end":{"line":116,"column":null}},"27":{"start":{"line":117,"column":22},"end":{"line":117,"column":39}},"28":{"start":{"line":119,"column":4},"end":{"line":226,"column":null}},"29":{"start":{"line":150,"column":37},"end":{"line":150,"column":null}},"30":{"start":{"line":190,"column":42},"end":{"line":190,"column":null}},"31":{"start":{"line":192,"column":24},"end":{"line":192,"column":null}},"32":{"start":{"line":225,"column":8},"end":{"line":225,"column":null}},"33":{"start":{"line":229,"column":19},"end":{"line":261,"column":null}},"34":{"start":{"line":230,"column":4},"end":{"line":260,"column":null}},"35":{"start":{"line":232,"column":30},"end":{"line":240,"column":null}},"36":{"start":{"line":242,"column":6},"end":{"line":253,"column":null}},"37":{"start":{"line":244,"column":8},"end":{"line":247,"column":null}},"38":{"start":{"line":248,"column":8},"end":{"line":248,"column":null}},"39":{"start":{"line":251,"column":8},"end":{"line":251,"column":null}},"40":{"start":{"line":252,"column":8},"end":{"line":252,"column":null}},"41":{"start":{"line":255,"column":6},"end":{"line":255,"column":null}},"42":{"start":{"line":256,"column":6},"end":{"line":256,"column":null}},"43":{"start":{"line":258,"column":6},"end":{"line":258,"column":null}},"44":{"start":{"line":259,"column":6},"end":{"line":259,"column":null}},"45":{"start":{"line":336,"column":30},"end":{"line":336,"column":null}},"46":{"start":{"line":361,"column":26},"end":{"line":369,"column":null}},"47":{"start":{"line":362,"column":28},"end":{"line":362,"column":null}},"48":{"start":{"line":364,"column":28},"end":{"line":366,"column":null}},"49":{"start":{"line":365,"column":30},"end":{"line":365,"column":null}},"50":{"start":{"line":368,"column":28},"end":{"line":368,"column":null}},"51":{"start":{"line":411,"column":26},"end":{"line":419,"column":null}},"52":{"start":{"line":412,"column":28},"end":{"line":412,"column":null}},"53":{"start":{"line":414,"column":28},"end":{"line":416,"column":null}},"54":{"start":{"line":415,"column":30},"end":{"line":415,"column":null}},"55":{"start":{"line":418,"column":28},"end":{"line":418,"column":null}},"56":{"start":{"line":493,"column":31},"end":{"line":493,"column":null}}},"fnMap":{"0":{"name":"AddTransactionSheet","decl":{"start":{"line":58,"column":16},"end":{"line":58,"column":36}},"loc":{"start":{"line":62,"column":27},"end":{"line":530,"column":null}},"line":62},"1":{"name":"(anonymous_1)","decl":{"start":{"line":92,"column":18},"end":{"line":92,"column":null}},"loc":{"start":{"line":92,"column":18},"end":{"line":99,"column":5}},"line":92},"2":{"name":"(anonymous_2)","decl":{"start":{"line":95,"column":8},"end":{"line":95,"column":9}},"loc":{"start":{"line":95,"column":28},"end":{"line":95,"column":null}},"line":95},"3":{"name":"(anonymous_3)","decl":{"start":{"line":101,"column":31},"end":{"line":101,"column":32}},"loc":{"start":{"line":101,"column":32},"end":{"line":106,"column":null}},"line":101},"4":{"name":"(anonymous_4)","decl":{"start":{"line":108,"column":32},"end":{"line":108,"column":33}},"loc":{"start":{"line":108,"column":33},"end":{"line":113,"column":null}},"line":108},"5":{"name":"(anonymous_5)","decl":{"start":{"line":115,"column":27},"end":{"line":115,"column":28}},"loc":{"start":{"line":115,"column":28},"end":{"line":227,"column":null}},"line":115},"6":{"name":"(anonymous_6)","decl":{"start":{"line":150,"column":30},"end":{"line":150,"column":31}},"loc":{"start":{"line":150,"column":37},"end":{"line":150,"column":null}},"line":150},"7":{"name":"(anonymous_7)","decl":{"start":{"line":190,"column":32},"end":{"line":190,"column":33}},"loc":{"start":{"line":190,"column":42},"end":{"line":190,"column":null}},"line":190},"8":{"name":"(anonymous_8)","decl":{"start":{"line":191,"column":32},"end":{"line":191,"column":33}},"loc":{"start":{"line":192,"column":24},"end":{"line":192,"column":null}},"line":192},"9":{"name":"(anonymous_9)","decl":{"start":{"line":229,"column":19},"end":{"line":229,"column":26}},"loc":{"start":{"line":229,"column":26},"end":{"line":261,"column":null}},"line":229},"10":{"name":"(anonymous_10)","decl":{"start":{"line":335,"column":38},"end":{"line":335,"column":39}},"loc":{"start":{"line":336,"column":30},"end":{"line":336,"column":null}},"line":336},"11":{"name":"(anonymous_11)","decl":{"start":{"line":360,"column":39},"end":{"line":360,"column":40}},"loc":{"start":{"line":360,"column":40},"end":{"line":370,"column":null}},"line":360},"12":{"name":"(anonymous_12)","decl":{"start":{"line":364,"column":39},"end":{"line":364,"column":null}},"loc":{"start":{"line":364,"column":39},"end":{"line":366,"column":31}},"line":364},"13":{"name":"(anonymous_13)","decl":{"start":{"line":410,"column":39},"end":{"line":410,"column":40}},"loc":{"start":{"line":410,"column":40},"end":{"line":420,"column":null}},"line":410},"14":{"name":"(anonymous_14)","decl":{"start":{"line":414,"column":39},"end":{"line":414,"column":null}},"loc":{"start":{"line":414,"column":39},"end":{"line":416,"column":31}},"line":414},"15":{"name":"(anonymous_15)","decl":{"start":{"line":493,"column":25},"end":{"line":493,"column":31}},"loc":{"start":{"line":493,"column":31},"end":{"line":493,"column":null}},"line":493}},"branchMap":{"0":{"loc":{"start":{"line":76,"column":28},"end":{"line":76,"column":null}},"type":"binary-expr","locations":[{"start":{"line":76,"column":28},"end":{"line":76,"column":66}},{"start":{"line":76,"column":66},"end":{"line":76,"column":null}}],"line":76},"1":{"loc":{"start":{"line":81,"column":14},"end":{"line":81,"column":null}},"type":"binary-expr","locations":[{"start":{"line":81,"column":14},"end":{"line":81,"column":37}},{"start":{"line":81,"column":37},"end":{"line":81,"column":null}}],"line":81},"2":{"loc":{"start":{"line":82,"column":12},"end":{"line":82,"column":null}},"type":"cond-expr","locations":[{"start":{"line":82,"column":26},"end":{"line":82,"column":55}},{"start":{"line":82,"column":55},"end":{"line":82,"column":null}}],"line":82},"3":{"loc":{"start":{"line":83,"column":17},"end":{"line":83,"column":null}},"type":"binary-expr","locations":[{"start":{"line":83,"column":17},"end":{"line":83,"column":43}},{"start":{"line":83,"column":43},"end":{"line":83,"column":null}}],"line":83},"4":{"loc":{"start":{"line":84,"column":21},"end":{"line":84,"column":null}},"type":"binary-expr","locations":[{"start":{"line":84,"column":21},"end":{"line":84,"column":51}},{"start":{"line":84,"column":51},"end":{"line":84,"column":null}}],"line":84},"5":{"loc":{"start":{"line":85,"column":12},"end":{"line":85,"column":null}},"type":"binary-expr","locations":[{"start":{"line":85,"column":12},"end":{"line":85,"column":33}},{"start":{"line":85,"column":33},"end":{"line":85,"column":null}}],"line":85},"6":{"loc":{"start":{"line":86,"column":16},"end":{"line":86,"column":null}},"type":"binary-expr","locations":[{"start":{"line":86,"column":16},"end":{"line":86,"column":41}},{"start":{"line":86,"column":41},"end":{"line":86,"column":null}}],"line":86},"7":{"loc":{"start":{"line":93,"column":4},"end":{"line":98,"column":null}},"type":"if","locations":[{"start":{"line":93,"column":4},"end":{"line":98,"column":null}},{"start":{},"end":{}}],"line":93},"8":{"loc":{"start":{"line":93,"column":8},"end":{"line":93,"column":46}},"type":"binary-expr","locations":[{"start":{"line":93,"column":8},"end":{"line":93,"column":32}},{"start":{"line":93,"column":32},"end":{"line":93,"column":46}}],"line":93},"9":{"loc":{"start":{"line":97,"column":29},"end":{"line":97,"column":null}},"type":"binary-expr","locations":[{"start":{"line":97,"column":29},"end":{"line":97,"column":37}},{"start":{"line":97,"column":37},"end":{"line":97,"column":null}}],"line":97},"10":{"loc":{"start":{"line":102,"column":4},"end":{"line":104,"column":null}},"type":"if","locations":[{"start":{"line":102,"column":4},"end":{"line":104,"column":null}},{"start":{},"end":{}}],"line":102},"11":{"loc":{"start":{"line":109,"column":4},"end":{"line":111,"column":null}},"type":"if","locations":[{"start":{"line":109,"column":4},"end":{"line":111,"column":null}},{"start":{},"end":{}}],"line":109},"12":{"loc":{"start":{"line":119,"column":4},"end":{"line":226,"column":null}},"type":"switch","locations":[{"start":{"line":224,"column":6},"end":{"line":225,"column":null}}],"line":119},"13":{"loc":{"start":{"line":174,"column":26},"end":{"line":174,"column":null}},"type":"binary-expr","locations":[{"start":{"line":174,"column":26},"end":{"line":174,"column":38}},{"start":{"line":174,"column":42},"end":{"line":174,"column":null}}],"line":174},"14":{"loc":{"start":{"line":189,"column":32},"end":{"line":189,"column":null}},"type":"cond-expr","locations":[{"start":{"line":189,"column":46},"end":{"line":189,"column":70}},{"start":{"line":189,"column":70},"end":{"line":189,"column":null}}],"line":189},"15":{"loc":{"start":{"line":192,"column":24},"end":{"line":192,"column":null}},"type":"binary-expr","locations":[{"start":{"line":192,"column":24},"end":{"line":192,"column":45}},{"start":{"line":192,"column":45},"end":{"line":192,"column":null}}],"line":192},"16":{"loc":{"start":{"line":242,"column":6},"end":{"line":253,"column":null}},"type":"if","locations":[{"start":{"line":242,"column":6},"end":{"line":253,"column":null}},{"start":{"line":249,"column":13},"end":{"line":253,"column":null}}],"line":242},"17":{"loc":{"start":{"line":269,"column":13},"end":{"line":269,"column":null}},"type":"cond-expr","locations":[{"start":{"line":269,"column":27},"end":{"line":269,"column":48}},{"start":{"line":269,"column":48},"end":{"line":269,"column":null}}],"line":269},"18":{"loc":{"start":{"line":272,"column":13},"end":{"line":274,"column":null}},"type":"cond-expr","locations":[{"start":{"line":273,"column":16},"end":{"line":273,"column":null}},{"start":{"line":274,"column":16},"end":{"line":274,"column":null}}],"line":272},"19":{"loc":{"start":{"line":318,"column":32},"end":{"line":318,"column":null}},"type":"binary-expr","locations":[{"start":{"line":318,"column":32},"end":{"line":318,"column":44}},{"start":{"line":318,"column":48},"end":{"line":318,"column":null}}],"line":318},"20":{"loc":{"start":{"line":336,"column":30},"end":{"line":336,"column":null}},"type":"binary-expr","locations":[{"start":{"line":336,"column":30},"end":{"line":336,"column":51}},{"start":{"line":336,"column":51},"end":{"line":336,"column":null}}],"line":336},"21":{"loc":{"start":{"line":361,"column":26},"end":{"line":369,"column":null}},"type":"if","locations":[{"start":{"line":361,"column":26},"end":{"line":369,"column":null}},{"start":{"line":367,"column":33},"end":{"line":369,"column":null}}],"line":361},"22":{"loc":{"start":{"line":411,"column":26},"end":{"line":419,"column":null}},"type":"if","locations":[{"start":{"line":411,"column":26},"end":{"line":419,"column":null}},{"start":{"line":417,"column":33},"end":{"line":419,"column":null}}],"line":411},"23":{"loc":{"start":{"line":503,"column":17},"end":{"line":507,"column":29}},"type":"cond-expr","locations":[{"start":{"line":504,"column":20},"end":{"line":504,"column":null}},{"start":{"line":505,"column":20},"end":{"line":507,"column":29}}],"line":503},"24":{"loc":{"start":{"line":505,"column":20},"end":{"line":507,"column":29}},"type":"cond-expr","locations":[{"start":{"line":506,"column":22},"end":{"line":506,"column":null}},{"start":{"line":507,"column":22},"end":{"line":507,"column":29}}],"line":505}},"s":{"0":0,"1":0,"2":0,"3":0,"4":0,"5":0,"6":0,"7":0,"8":0,"9":0,"10":0,"11":0,"12":0,"13":0,"14":0,"15":0,"16":0,"17":0,"18":0,"19":0,"20":0,"21":0,"22":0,"23":0,"24":0,"25":0,"26":0,"27":0,"28":0,"29":0,"30":0,"31":0,"32":0,"33":0,"34":0,"35":0,"36":0,"37":0,"38":0,"39":0,"40":0,"41":0,"42":0,"43":0,"44":0,"45":0,"46":0,"47":0,"48":0,"49":0,"50":0,"51":0,"52":0,"53":0,"54":0,"55":0,"56":0},"f":{"0":0,"1":0,"2":0,"3":0,"4":0,"5":0,"6":0,"7":0,"8":0,"9":0,"10":0,"11":0,"12":0,"13":0,"14":0,"15":0},"b":{"0":[0,0],"1":[0,0],"2":[0,0],"3":[0,0],"4":[0,0],"5":[0,0],"6":[0,0],"7":[0,0],"8":[0,0],"9":[0,0],"10":[0,0],"11":[0,0],"12":[0,null,null,null,null],"13":[0,0],"14":[0,0],"15":[0,0],"16":[0,0],"17":[0,0],"18":[0,0],"19":[0,0],"20":[0,0],"21":[0,0],"22":[0,0],"23":[0,0],"24":[0,0]},"meta":{"lastBranch":25,"lastFunction":16,"lastStatement":57,"seen":{"f:58:16:58:36":0,"s:63:26:63:Infinity":0,"s:64:58:64:Infinity":1,"s:66:4:66:Infinity":2,"s:68:4:68:Infinity":3,"s:70:8:70:Infinity":4,"s:71:8:71:Infinity":5,"s:72:8:72:Infinity":6,"s:73:8:73:Infinity":7,"s:74:8:74:Infinity":8,"s:76:28:76:Infinity":9,"b:76:28:76:66:76:66:76:Infinity":0,"s:78:8:88:Infinity":10,"b:81:14:81:37:81:37:81:Infinity":1,"b:82:26:82:55:82:55:82:Infinity":2,"b:83:17:83:43:83:43:83:Infinity":3,"b:84:21:84:51:84:51:84:Infinity":4,"b:85:12:85:33:85:33:85:Infinity":5,"b:86:16:86:41:86:41:86:Infinity":6,"s:90:31:90:Infinity":11,"s:92:2:99:Infinity":12,"f:92:18:92:Infinity":1,"b:93:4:98:Infinity:undefined:undefined:undefined:undefined":7,"s:93:4:98:Infinity":13,"b:93:8:93:32:93:32:93:46":8,"s:94:19:95:Infinity":14,"f:95:8:95:9":2,"s:95:28:95:Infinity":15,"s:97:6:97:Infinity":16,"b:97:29:97:37:97:37:97:Infinity":9,"s:101:31:106:Infinity":17,"f:101:31:101:32":3,"b:102:4:104:Infinity:undefined:undefined:undefined:undefined":10,"s:102:4:104:Infinity":18,"s:103:6:103:Infinity":19,"s:105:4:105:Infinity":20,"s:108:32:113:Infinity":21,"f:108:32:108:33":4,"b:109:4:111:Infinity:undefined:undefined:undefined:undefined":11,"s:109:4:111:Infinity":22,"s:110:6:110:Infinity":23,"s:112:4:112:Infinity":24,"s:115:27:227:Infinity":25,"f:115:27:115:28":5,"s:116:33:116:Infinity":26,"s:117:22:117:39":27,"b:224:6:225:Infinity":12,"s:119:4:226:Infinity":28,"f:150:30:150:31":6,"s:150:37:150:Infinity":29,"b:174:26:174:38:174:42:174:Infinity":13,"b:189:46:189:70:189:70:189:Infinity":14,"f:190:32:190:33":7,"s:190:42:190:Infinity":30,"f:191:32:191:33":8,"s:192:24:192:Infinity":31,"b:192:24:192:45:192:45:192:Infinity":15,"s:225:8:225:Infinity":32,"s:229:19:261:Infinity":33,"f:229:19:229:26":9,"s:230:4:260:Infinity":34,"s:232:30:240:Infinity":35,"b:242:6:253:Infinity:249:13:253:Infinity":16,"s:242:6:253:Infinity":36,"s:244:8:247:Infinity":37,"s:248:8:248:Infinity":38,"s:251:8:251:Infinity":39,"s:252:8:252:Infinity":40,"s:255:6:255:Infinity":41,"s:256:6:256:Infinity":42,"s:258:6:258:Infinity":43,"s:259:6:259:Infinity":44,"b:269:27:269:48:269:48:269:Infinity":17,"b:273:16:273:Infinity:274:16:274:Infinity":18,"b:318:32:318:44:318:48:318:Infinity":19,"f:335:38:335:39":10,"s:336:30:336:Infinity":45,"b:336:30:336:51:336:51:336:Infinity":20,"f:360:39:360:40":11,"b:361:26:369:Infinity:367:33:369:Infinity":21,"s:361:26:369:Infinity":46,"s:362:28:362:Infinity":47,"s:364:28:366:Infinity":48,"f:364:39:364:Infinity":12,"s:365:30:365:Infinity":49,"s:368:28:368:Infinity":50,"f:410:39:410:40":13,"b:411:26:419:Infinity:417:33:419:Infinity":22,"s:411:26:419:Infinity":51,"s:412:28:412:Infinity":52,"s:414:28:416:Infinity":53,"f:414:39:414:Infinity":14,"s:415:30:415:Infinity":54,"s:418:28:418:Infinity":55,"f:493:25:493:31":15,"s:493:31:493:Infinity":56,"b:504:20:504:Infinity:505:20:507:29":23,"b:506:22:506:Infinity:507:22:507:29":24}}}
,"C:\\Users\\zahid\\Workspace\\personal-workspace\\kharcha\\src\\components\\ui\\alert-dialog.tsx": {"path":"C:\\Users\\zahid\\Workspace\\personal-workspace\\kharcha\\src\\components\\ui\\alert-dialog.tsx","statementMap":{},"fnMap":{"0":{"name":"AlertDialog","decl":{"start":{"line":7,"column":9},"end":{"line":7,"column":21}},"loc":{"start":{"line":9,"column":57},"end":{"line":11,"column":null}},"line":9},"1":{"name":"AlertDialogTrigger","decl":{"start":{"line":13,"column":9},"end":{"line":13,"column":28}},"loc":{"start":{"line":15,"column":60},"end":{"line":19,"column":null}},"line":15},"2":{"name":"AlertDialogPortal","decl":{"start":{"line":21,"column":9},"end":{"line":21,"column":27}},"loc":{"start":{"line":23,"column":59},"end":{"line":27,"column":null}},"line":23},"3":{"name":"AlertDialogOverlay","decl":{"start":{"line":29,"column":9},"end":{"line":29,"column":28}},"loc":{"start":{"line":32,"column":60},"end":{"line":43,"column":null}},"line":32},"4":{"name":"AlertDialogContent","decl":{"start":{"line":45,"column":9},"end":{"line":45,"column":28}},"loc":{"start":{"line":48,"column":60},"end":{"line":62,"column":null}},"line":48},"5":{"name":"AlertDialogHeader","decl":{"start":{"line":64,"column":9},"end":{"line":64,"column":27}},"loc":{"start":{"line":67,"column":30},"end":{"line":75,"column":null}},"line":67},"6":{"name":"AlertDialogFooter","decl":{"start":{"line":77,"column":9},"end":{"line":77,"column":27}},"loc":{"start":{"line":80,"column":30},"end":{"line":91,"column":null}},"line":80},"7":{"name":"AlertDialogTitle","decl":{"start":{"line":93,"column":9},"end":{"line":93,"column":26}},"loc":{"start":{"line":96,"column":58},"end":{"line":104,"column":null}},"line":96},"8":{"name":"AlertDialogDescription","decl":{"start":{"line":106,"column":9},"end":{"line":106,"column":32}},"loc":{"start":{"line":109,"column":64},"end":{"line":117,"column":null}},"line":109},"9":{"name":"AlertDialogAction","decl":{"start":{"line":119,"column":9},"end":{"line":119,"column":27}},"loc":{"start":{"line":122,"column":59},"end":{"line":129,"column":null}},"line":122},"10":{"name":"AlertDialogCancel","decl":{"start":{"line":131,"column":9},"end":{"line":131,"column":27}},"loc":{"start":{"line":134,"column":59},"end":{"line":141,"column":null}},"line":134}},"branchMap":{},"s":{},"f":{"0":0,"1":0,"2":0,"3":0,"4":0,"5":0,"6":0,"7":0,"8":0,"9":0,"10":0},"b":{},"meta":{"lastBranch":0,"lastFunction":11,"lastStatement":0,"seen":{"f:7:9:7:21":0,"f:13:9:13:28":1,"f:21:9:21:27":2,"f:29:9:29:28":3,"f:45:9:45:28":4,"f:64:9:64:27":5,"f:77:9:77:27":6,"f:93:9:93:26":7,"f:106:9:106:32":8,"f:119:9:119:27":9,"f:131:9:131:27":10}}}
,"C:\\Users\\zahid\\Workspace\\personal-workspace\\kharcha\\src\\components\\ui\\alert.tsx": {"path":"C:\\Users\\zahid\\Workspace\\personal-workspace\\kharcha\\src\\components\\ui\\alert.tsx","statementMap":{"0":{"start":{"line":6,"column":6},"end":{"line":19,"column":null}}},"fnMap":{"0":{"name":"Alert","decl":{"start":{"line":22,"column":9},"end":{"line":22,"column":15}},"loc":{"start":{"line":26,"column":67},"end":{"line":35,"column":null}},"line":26},"1":{"name":"AlertTitle","decl":{"start":{"line":37,"column":9},"end":{"line":37,"column":20}},"loc":{"start":{"line":37,"column":72},"end":{"line":48,"column":null}},"line":37},"2":{"name":"AlertDescription","decl":{"start":{"line":50,"column":9},"end":{"line":50,"column":26}},"loc":{"start":{"line":53,"column":30},"end":{"line":64,"column":null}},"line":53}},"branchMap":{},"s":{"0":0},"f":{"0":0,"1":0,"2":0},"b":{},"meta":{"lastBranch":0,"lastFunction":3,"lastStatement":1,"seen":{"s:6:6:19:Infinity":0,"f:22:9:22:15":0,"f:37:9:37:20":1,"f:50:9:50:26":2}}}
,"C:\\Users\\zahid\\Workspace\\personal-workspace\\kharcha\\src\\components\\ui\\animated-list.tsx": {"path":"C:\\Users\\zahid\\Workspace\\personal-workspace\\kharcha\\src\\components\\ui\\animated-list.tsx","statementMap":{"0":{"start":{"line":12,"column":34},"end":{"line":17,"column":null}},"1":{"start":{"line":31,"column":28},"end":{"line":68,"column":null}},"2":{"start":{"line":33,"column":27},"end":{"line":33,"column":null}},"3":{"start":{"line":34,"column":10},"end":{"line":36,"column":null}},"4":{"start":{"line":35,"column":12},"end":{"line":35,"column":null}},"5":{"start":{"line":39,"column":4},"end":{"line":47,"column":null}},"6":{"start":{"line":40,"column":6},"end":{"line":46,"column":null}},"7":{"start":{"line":41,"column":24},"end":{"line":43,"column":null}},"8":{"start":{"line":42,"column":10},"end":{"line":42,"column":null}},"9":{"start":{"line":42,"column":34},"end":{"line":42,"column":72}},"10":{"start":{"line":45,"column":8},"end":{"line":45,"column":null}},"11":{"start":{"line":45,"column":21},"end":{"line":45,"column":null}},"12":{"start":{"line":49,"column":10},"end":{"line":52,"column":null}},"13":{"start":{"line":50,"column":21},"end":{"line":50,"column":null}},"14":{"start":{"line":51,"column":6},"end":{"line":51,"column":null}},"15":{"start":{"line":71,"column":0},"end":{"line":71,"column":null}}},"fnMap":{"0":{"name":"AnimatedListItem","decl":{"start":{"line":11,"column":16},"end":{"line":11,"column":33}},"loc":{"start":{"line":11,"column":76},"end":{"line":24,"column":null}},"line":11},"1":{"name":"(anonymous_1)","decl":{"start":{"line":32,"column":2},"end":{"line":32,"column":3}},"loc":{"start":{"line":32,"column":69},"end":{"line":68,"column":null}},"line":32},"2":{"name":"(anonymous_2)","decl":{"start":{"line":35,"column":6},"end":{"line":35,"column":12}},"loc":{"start":{"line":35,"column":12},"end":{"line":35,"column":null}},"line":35},"3":{"name":"(anonymous_3)","decl":{"start":{"line":39,"column":14},"end":{"line":39,"column":null}},"loc":{"start":{"line":39,"column":14},"end":{"line":47,"column":7}},"line":39},"4":{"name":"(anonymous_4)","decl":{"start":{"line":41,"column":35},"end":{"line":41,"column":null}},"loc":{"start":{"line":41,"column":35},"end":{"line":43,"column":11}},"line":41},"5":{"name":"(anonymous_5)","decl":{"start":{"line":42,"column":19},"end":{"line":42,"column":20}},"loc":{"start":{"line":42,"column":34},"end":{"line":42,"column":72}},"line":42},"6":{"name":"(anonymous_6)","decl":{"start":{"line":45,"column":15},"end":{"line":45,"column":21}},"loc":{"start":{"line":45,"column":21},"end":{"line":45,"column":null}},"line":45},"7":{"name":"(anonymous_7)","decl":{"start":{"line":49,"column":32},"end":{"line":49,"column":null}},"loc":{"start":{"line":49,"column":32},"end":{"line":52,"column":7}},"line":49}},"branchMap":{"0":{"loc":{"start":{"line":32,"column":26},"end":{"line":32,"column":38}},"type":"default-arg","locations":[{"start":{"line":32,"column":34},"end":{"line":32,"column":38}}],"line":32},"1":{"loc":{"start":{"line":40,"column":6},"end":{"line":46,"column":null}},"type":"if","locations":[{"start":{"line":40,"column":6},"end":{"line":46,"column":null}},{"start":{},"end":{}}],"line":40}},"s":{"0":0,"1":0,"2":0,"3":0,"4":0,"5":0,"6":0,"7":0,"8":0,"9":0,"10":0,"11":0,"12":0,"13":0,"14":0,"15":0},"f":{"0":0,"1":0,"2":0,"3":0,"4":0,"5":0,"6":0,"7":0},"b":{"0":[0],"1":[0,0]},"meta":{"lastBranch":2,"lastFunction":8,"lastStatement":16,"seen":{"f:11:16:11:33":0,"s:12:34:17:Infinity":0,"s:31:28:68:Infinity":1,"f:32:2:32:3":1,"b:32:34:32:38":0,"s:33:27:33:Infinity":2,"s:34:10:36:Infinity":3,"f:35:6:35:12":2,"s:35:12:35:Infinity":4,"s:39:4:47:Infinity":5,"f:39:14:39:Infinity":3,"b:40:6:46:Infinity:undefined:undefined:undefined:undefined":1,"s:40:6:46:Infinity":6,"s:41:24:43:Infinity":7,"f:41:35:41:Infinity":4,"s:42:10:42:Infinity":8,"f:42:19:42:20":5,"s:42:34:42:72":9,"s:45:8:45:Infinity":10,"f:45:15:45:21":6,"s:45:21:45:Infinity":11,"s:49:10:52:Infinity":12,"f:49:32:49:Infinity":7,"s:50:21:50:Infinity":13,"s:51:6:51:Infinity":14,"s:71:0:71:Infinity":15}}}
,"C:\\Users\\zahid\\Workspace\\personal-workspace\\kharcha\\src\\components\\ui\\animated-theme-toggler.tsx": {"path":"C:\\Users\\zahid\\Workspace\\personal-workspace\\kharcha\\src\\components\\ui\\animated-theme-toggler.tsx","statementMap":{"0":{"start":{"line":12,"column":36},"end":{"line":83,"column":null}},"1":{"start":{"line":17,"column":27},"end":{"line":17,"column":null}},"2":{"start":{"line":18,"column":8},"end":{"line":18,"column":null}},"3":{"start":{"line":20,"column":2},"end":{"line":34,"column":null}},"4":{"start":{"line":21,"column":24},"end":{"line":23,"column":null}},"5":{"start":{"line":22,"column":6},"end":{"line":22,"column":null}},"6":{"start":{"line":25,"column":4},"end":{"line":25,"column":null}},"7":{"start":{"line":27,"column":21},"end":{"line":27,"column":null}},"8":{"start":{"line":28,"column":4},"end":{"line":31,"column":null}},"9":{"start":{"line":33,"column":4},"end":{"line":33,"column":null}},"10":{"start":{"line":33,"column":17},"end":{"line":33,"column":null}},"11":{"start":{"line":36,"column":8},"end":{"line":70,"column":null}},"12":{"start":{"line":37,"column":4},"end":{"line":37,"column":null}},"13":{"start":{"line":37,"column":28},"end":{"line":37,"column":null}},"14":{"start":{"line":39,"column":4},"end":{"line":46,"column":null}},"15":{"start":{"line":40,"column":6},"end":{"line":45,"column":null}},"16":{"start":{"line":41,"column":25},"end":{"line":41,"column":null}},"17":{"start":{"line":42,"column":8},"end":{"line":42,"column":null}},"18":{"start":{"line":43,"column":8},"end":{"line":43,"column":null}},"19":{"start":{"line":44,"column":8},"end":{"line":44,"column":null}},"20":{"start":{"line":49,"column":6},"end":{"line":49,"column":null}},"21":{"start":{"line":50,"column":14},"end":{"line":50,"column":null}},"22":{"start":{"line":51,"column":14},"end":{"line":51,"column":null}},"23":{"start":{"line":52,"column":22},"end":{"line":54,"column":null}},"24":{"start":{"line":57,"column":4},"end":{"line":68,"column":null}}},"fnMap":{"0":{"name":"(anonymous_0)","decl":{"start":{"line":12,"column":36},"end":{"line":12,"column":37}},"loc":{"start":{"line":16,"column":28},"end":{"line":83,"column":null}},"line":16},"1":{"name":"(anonymous_1)","decl":{"start":{"line":20,"column":12},"end":{"line":20,"column":null}},"loc":{"start":{"line":20,"column":12},"end":{"line":34,"column":5}},"line":20},"2":{"name":"(anonymous_2)","decl":{"start":{"line":21,"column":24},"end":{"line":21,"column":null}},"loc":{"start":{"line":21,"column":24},"end":{"line":23,"column":null}},"line":21},"3":{"name":"(anonymous_3)","decl":{"start":{"line":33,"column":11},"end":{"line":33,"column":17}},"loc":{"start":{"line":33,"column":17},"end":{"line":33,"column":null}},"line":33},"4":{"name":"(anonymous_4)","decl":{"start":{"line":36,"column":34},"end":{"line":36,"column":null}},"loc":{"start":{"line":36,"column":34},"end":{"line":70,"column":5}},"line":36},"5":{"name":"(anonymous_5)","decl":{"start":{"line":39,"column":39},"end":{"line":39,"column":null}},"loc":{"start":{"line":39,"column":39},"end":{"line":46,"column":7}},"line":39},"6":{"name":"(anonymous_6)","decl":{"start":{"line":40,"column":16},"end":{"line":40,"column":null}},"loc":{"start":{"line":40,"column":16},"end":{"line":45,"column":null}},"line":40}},"branchMap":{"0":{"loc":{"start":{"line":14,"column":2},"end":{"line":14,"column":16}},"type":"default-arg","locations":[{"start":{"line":14,"column":13},"end":{"line":14,"column":16}}],"line":14},"1":{"loc":{"start":{"line":37,"column":4},"end":{"line":37,"column":null}},"type":"if","locations":[{"start":{"line":37,"column":4},"end":{"line":37,"column":null}},{"start":{},"end":{}}],"line":37},"2":{"loc":{"start":{"line":44,"column":38},"end":{"line":44,"column":null}},"type":"cond-expr","locations":[{"start":{"line":44,"column":49},"end":{"line":44,"column":58}},{"start":{"line":44,"column":58},"end":{"line":44,"column":null}}],"line":44}},"s":{"0":0,"1":0,"2":0,"3":0,"4":0,"5":0,"6":0,"7":0,"8":0,"9":0,"10":0,"11":0,"12":0,"13":0,"14":0,"15":0,"16":0,"17":0,"18":0,"19":0,"20":0,"21":0,"22":0,"23":0,"24":0},"f":{"0":0,"1":0,"2":0,"3":0,"4":0,"5":0,"6":0},"b":{"0":[0],"1":[0,0],"2":[0,0]},"meta":{"lastBranch":3,"lastFunction":7,"lastStatement":25,"seen":{"s:12:36:83:Infinity":0,"f:12:36:12:37":0,"b:14:13:14:16":0,"s:17:27:17:Infinity":1,"s:18:8:18:Infinity":2,"s:20:2:34:Infinity":3,"f:20:12:20:Infinity":1,"s:21:24:23:Infinity":4,"f:21:24:21:Infinity":2,"s:22:6:22:Infinity":5,"s:25:4:25:Infinity":6,"s:27:21:27:Infinity":7,"s:28:4:31:Infinity":8,"s:33:4:33:Infinity":9,"f:33:11:33:17":3,"s:33:17:33:Infinity":10,"s:36:8:70:Infinity":11,"f:36:34:36:Infinity":4,"b:37:4:37:Infinity:undefined:undefined:undefined:undefined":1,"s:37:4:37:Infinity":12,"s:37:28:37:Infinity":13,"s:39:4:46:Infinity":14,"f:39:39:39:Infinity":5,"s:40:6:45:Infinity":15,"f:40:16:40:Infinity":6,"s:41:25:41:Infinity":16,"s:42:8:42:Infinity":17,"s:43:8:43:Infinity":18,"s:44:8:44:Infinity":19,"b:44:49:44:58:44:58:44:Infinity":2,"s:49:6:49:Infinity":20,"s:50:14:50:Infinity":21,"s:51:14:51:Infinity":22,"s:52:22:54:Infinity":23,"s:57:4:68:Infinity":24}}}
,"C:\\Users\\zahid\\Workspace\\personal-workspace\\kharcha\\src\\components\\ui\\aspect-ratio.tsx": {"path":"C:\\Users\\zahid\\Workspace\\personal-workspace\\kharcha\\src\\components\\ui\\aspect-ratio.tsx","statementMap":{"0":{"start":{"line":1,"column":0},"end":{"line":1,"column":null}}},"fnMap":{"0":{"name":"AspectRatio","decl":{"start":{"line":5,"column":9},"end":{"line":5,"column":21}},"loc":{"start":{"line":7,"column":57},"end":{"line":9,"column":null}},"line":7}},"branchMap":{},"s":{"0":0},"f":{"0":0},"b":{},"meta":{"lastBranch":0,"lastFunction":1,"lastStatement":1,"seen":{"s:1:0:1:Infinity":0,"f:5:9:5:21":0}}}
,"C:\\Users\\zahid\\Workspace\\personal-workspace\\kharcha\\src\\components\\ui\\auth-page.tsx": {"path":"C:\\Users\\zahid\\Workspace\\personal-workspace\\kharcha\\src\\components\\ui\\auth-page.tsx","statementMap":{"0":{"start":{"line":16,"column":33},"end":{"line":16,"column":null}},"1":{"start":{"line":46,"column":30},"end":{"line":46,"column":null}}},"fnMap":{"0":{"name":"AuthPage","decl":{"start":{"line":15,"column":16},"end":{"line":15,"column":null}},"loc":{"start":{"line":15,"column":16},"end":{"line":97,"column":null}},"line":15},"1":{"name":"(anonymous_1)","decl":{"start":{"line":46,"column":23},"end":{"line":46,"column":24}},"loc":{"start":{"line":46,"column":30},"end":{"line":46,"column":null}},"line":46}},"branchMap":{"0":{"loc":{"start":{"line":52,"column":15},"end":{"line":52,"column":null}},"type":"cond-expr","locations":[{"start":{"line":52,"column":41},"end":{"line":52,"column":58}},{"start":{"line":52,"column":58},"end":{"line":52,"column":null}}],"line":52},"1":{"loc":{"start":{"line":55,"column":15},"end":{"line":57,"column":null}},"type":"cond-expr","locations":[{"start":{"line":56,"column":18},"end":{"line":56,"column":null}},{"start":{"line":57,"column":18},"end":{"line":57,"column":null}}],"line":55}},"s":{"0":0,"1":0},"f":{"0":0,"1":0},"b":{"0":[0,0],"1":[0,0]},"meta":{"lastBranch":2,"lastFunction":2,"lastStatement":2,"seen":{"f:15:16:15:Infinity":0,"s:16:33:16:Infinity":0,"f:46:23:46:24":1,"s:46:30:46:Infinity":1,"b:52:41:52:58:52:58:52:Infinity":0,"b:56:18:56:Infinity:57:18:57:Infinity":1}}}
,"C:\\Users\\zahid\\Workspace\\personal-workspace\\kharcha\\src\\components\\ui\\avatar.tsx": {"path":"C:\\Users\\zahid\\Workspace\\personal-workspace\\kharcha\\src\\components\\ui\\avatar.tsx","statementMap":{},"fnMap":{"0":{"name":"Avatar","decl":{"start":{"line":6,"column":9},"end":{"line":6,"column":16}},"loc":{"start":{"line":9,"column":52},"end":{"line":20,"column":null}},"line":9},"1":{"name":"AvatarImage","decl":{"start":{"line":22,"column":9},"end":{"line":22,"column":21}},"loc":{"start":{"line":25,"column":53},"end":{"line":33,"column":null}},"line":25},"2":{"name":"AvatarFallback","decl":{"start":{"line":35,"column":9},"end":{"line":35,"column":24}},"loc":{"start":{"line":38,"column":56},"end":{"line":49,"column":null}},"line":38}},"branchMap":{},"s":{},"f":{"0":0,"1":0,"2":0},"b":{},"meta":{"lastBranch":0,"lastFunction":3,"lastStatement":0,"seen":{"f:6:9:6:16":0,"f:22:9:22:21":1,"f:35:9:35:24":2}}}
,"C:\\Users\\zahid\\Workspace\\personal-workspace\\kharcha\\src\\components\\ui\\badge-variants.ts": {"path":"C:\\Users\\zahid\\Workspace\\personal-workspace\\kharcha\\src\\components\\ui\\badge-variants.ts","statementMap":{"0":{"start":{"line":3,"column":13},"end":{"line":21,"column":null}}},"fnMap":{},"branchMap":{},"s":{"0":0},"f":{},"b":{},"meta":{"lastBranch":0,"lastFunction":0,"lastStatement":1,"seen":{"s:3:13:21:Infinity":0}}}
,"C:\\Users\\zahid\\Workspace\\personal-workspace\\kharcha\\src\\components\\ui\\badge.tsx": {"path":"C:\\Users\\zahid\\Workspace\\personal-workspace\\kharcha\\src\\components\\ui\\badge.tsx","statementMap":{"0":{"start":{"line":7,"column":6},"end":{"line":25,"column":null}},"1":{"start":{"line":35,"column":15},"end":{"line":35,"column":null}}},"fnMap":{"0":{"name":"Badge","decl":{"start":{"line":28,"column":9},"end":{"line":28,"column":15}},"loc":{"start":{"line":34,"column":60},"end":{"line":44,"column":null}},"line":34}},"branchMap":{"0":{"loc":{"start":{"line":31,"column":2},"end":{"line":31,"column":17}},"type":"default-arg","locations":[{"start":{"line":31,"column":12},"end":{"line":31,"column":17}}],"line":31},"1":{"loc":{"start":{"line":35,"column":15},"end":{"line":35,"column":null}},"type":"cond-expr","locations":[{"start":{"line":35,"column":25},"end":{"line":35,"column":32}},{"start":{"line":35,"column":32},"end":{"line":35,"column":null}}],"line":35}},"s":{"0":0,"1":0},"f":{"0":0},"b":{"0":[0],"1":[0,0]},"meta":{"lastBranch":2,"lastFunction":1,"lastStatement":2,"seen":{"s:7:6:25:Infinity":0,"f:28:9:28:15":0,"b:31:12:31:17":0,"s:35:15:35:Infinity":1,"b:35:25:35:32:35:32:35:Infinity":1}}}
[...]
:70,"column":4},"end":{"line":76,"column":null}},{"start":{},"end":{}}],"line":70},"1":{"loc":{"start":{"line":71,"column":6},"end":{"line":73,"column":53}},"type":"binary-expr","locations":[{"start":{"line":71,"column":6},"end":{"line":71,"column":null}},{"start":{"line":72,"column":6},"end":{"line":72,"column":58}},{"start":{"line":73,"column":6},"end":{"line":73,"column":53}}],"line":71},"2":{"loc":{"start":{"line":96,"column":4},"end":{"line":99,"column":null}},"type":"if","locations":[{"start":{"line":96,"column":4},"end":{"line":99,"column":null}},{"start":{},"end":{}}],"line":96},"3":{"loc":{"start":{"line":96,"column":8},"end":{"line":96,"column":53}},"type":"binary-expr","locations":[{"start":{"line":96,"column":8},"end":{"line":96,"column":25}},{"start":{"line":96,"column":25},"end":{"line":96,"column":38}},{"start":{"line":96,"column":38},"end":{"line":96,"column":53}}],"line":96},"4":{"loc":{"start":{"line":106,"column":12},"end":{"line":106,"column":null}},"type":"binary-expr","locations":[{"start":{"line":106,"column":12},"end":{"line":106,"column":18}},{"start":{"line":106,"column":22},"end":{"line":106,"column":null}}],"line":106},"5":{"loc":{"start":{"line":107,"column":22},"end":{"line":107,"column":null}},"type":"binary-expr","locations":[{"start":{"line":107,"column":22},"end":{"line":107,"column":41}},{"start":{"line":107,"column":41},"end":{"line":107,"column":null}}],"line":107},"6":{"loc":{"start":{"line":108,"column":22},"end":{"line":108,"column":null}},"type":"binary-expr","locations":[{"start":{"line":108,"column":22},"end":{"line":108,"column":41}},{"start":{"line":108,"column":41},"end":{"line":108,"column":null}}],"line":108},"7":{"loc":{"start":{"line":109,"column":16},"end":{"line":111,"column":null}},"type":"cond-expr","locations":[{"start":{"line":110,"column":10},"end":{"line":110,"column":56}},{"start":{"line":111,"column":10},"end":{"line":111,"column":null}}],"line":109},"8":{"loc":{"start":{"line":125,"column":14},"end":{"line":125,"column":null}},"type":"cond-expr","locations":[{"start":{"line":125,"column":30},"end":{"line":125,"column":38}},{"start":{"line":125,"column":38},"end":{"line":125,"column":null}}],"line":125},"9":{"loc":{"start":{"line":126,"column":22},"end":{"line":126,"column":null}},"type":"binary-expr","locations":[{"start":{"line":126,"column":22},"end":{"line":126,"column":50}},{"start":{"line":126,"column":50},"end":{"line":126,"column":null}}],"line":126},"10":{"loc":{"start":{"line":351,"column":24},"end":{"line":357,"column":null}},"type":"if","locations":[{"start":{"line":351,"column":24},"end":{"line":357,"column":null}},{"start":{"line":353,"column":31},"end":{"line":357,"column":null}}],"line":351},"11":{"loc":{"start":{"line":353,"column":31},"end":{"line":357,"column":null}},"type":"if","locations":[{"start":{"line":353,"column":31},"end":{"line":357,"column":null}},{"start":{},"end":{}}],"line":353}},"s":{"0":0,"1":0,"2":0,"3":0,"4":0,"5":0,"6":0,"7":0,"8":0,"9":0,"10":0,"11":0,"12":0,"13":0,"14":0,"15":0,"16":0,"17":0,"18":0,"19":0,"20":0,"21":0,"22":0,"23":0,"24":0,"25":0,"26":0,"27":0,"28":0,"29":0,"30":0,"31":0,"32":0,"33":0,"34":0,"35":0,"36":0,"37":0,"38":0,"39":0,"40":0,"41":0,"42":0,"43":0,"44":0,"45":0,"46":0,"47":0,"48":0,"49":0,"50":0,"51":0,"52":0,"53":0,"54":0,"55":0},"f":{"0":0,"1":0,"2":0,"3":0,"4":0,"5":0,"6":0,"7":0,"8":0,"9":0,"10":0,"11":0,"12":0,"13":0,"14":0,"15":0},"b":{"0":[0,0],"1":[0,0,0],"2":[0,0],"3":[0,0,0],"4":[0,0],"5":[0,0],"6":[0,0],"7":[0,0],"8":[0,0],"9":[0,0],"10":[0,0],"11":[0,0]},"meta":{"lastBranch":12,"lastFunction":16,"lastStatement":56,"seen":{"s:40:13:42:Infinity":0,"f:44:9:44:Infinity":0,"s:45:27:45:Infinity":1,"s:46:19:46:Infinity":2,"s:47:8:47:Infinity":3,"s:48:8:48:Infinity":4,"s:49:8:49:Infinity":5,"s:50:8:51:Infinity":6,"s:54:54:54:Infinity":7,"s:56:8:58:Infinity":8,"s:61:35:66:Infinity":9,"s:69:2:77:Infinity":10,"f:69:12:69:Infinity":1,"b:70:4:76:Infinity:undefined:undefined:undefined:undefined":0,"s:70:4:76:Infinity":11,"b:71:6:71:Infinity:72:6:72:58:73:6:73:53":1,"s:75:6:75:Infinity":12,"s:79:39:93:Infinity":13,"f:79:39:79:Infinity":2,"s:83:4:92:Infinity":14,"s:84:6:84:Infinity":15,"f:84:20:84:21":3,"s:84:31:84:Infinity":16,"s:85:6:85:Infinity":17,"s:86:6:86:Infinity":18,"s:88:6:88:Infinity":19,"s:89:6:89:Infinity":20,"s:91:6:91:Infinity":21,"f:91:20:91:21":4,"s:91:31:91:Infinity":22,"s:95:27:147:Infinity":23,"f:95:27:95:Infinity":5,"b:96:4:99:Infinity:undefined:undefined:undefined:undefined":2,"s:96:4:99:Infinity":24,"b:96:8:96:25:96:25:96:38:96:38:96:53":3,"s:97:6:97:Infinity":25,"s:98:6:98:Infinity":26,"s:102:29:112:Infinity":27,"f:102:46:102:47":6,"s:102:54:112:Infinity":28,"b:106:12:106:18:106:22:106:Infinity":4,"b:107:22:107:41:107:41:107:Infinity":5,"b:108:22:108:41:108:41:108:Infinity":6,"b:110:10:110:56:111:10:111:Infinity":7,"s:115:25:119:Infinity":29,"f:115:38:115:39":7,"s:115:48:119:Infinity":30,"s:122:29:127:Infinity":31,"f:122:46:122:47":8,"s:122:57:127:Infinity":32,"b:125:30:125:38:125:38:125:Infinity":8,"b:126:22:126:50:126:50:126:Infinity":9,"s:130:15:130:Infinity":33,"s:133:27:133:Infinity":34,"s:134:23:134:Infinity":35,"s:135:25:135:Infinity":36,"s:137:4:137:Infinity":37,"s:138:4:138:Infinity":38,"s:139:4:139:Infinity":39,"s:142:17:142:55":40,"s:143:21:143:50":41,"s:146:4:146:Infinity":42,"s:149:27:152:Infinity":43,"f:149:27:149:Infinity":9,"s:151:4:151:Infinity":44,"s:154:23:156:Infinity":45,"f:154:23:154:Infinity":10,"s:155:4:155:Infinity":46,"f:282:33:282:34":11,"s:283:18:283:Infinity":47,"f:299:33:299:34":12,"s:300:18:300:Infinity":48,"f:317:33:317:34":13,"s:318:18:318:Infinity":49,"f:349:31:349:Infinity":14,"s:350:39:350:Infinity":50,"b:351:24:357:Infinity:353:31:357:Infinity":10,"s:351:24:357:Infinity":51,"s:352:26:352:Infinity":52,"b:353:31:357:Infinity:undefined:undefined:undefined:undefined":11,"s:353:31:357:Infinity":53,"s:354:26:355:Infinity":54,"f:387:33:387:34":15,"s:388:18:388:Infinity":55}}}
,"C:\\Users\\zahid\\Workspace\\personal-workspace\\kharcha\\src\\routes\\_authenticated\\transactions.tsx": {"path":"C:\\Users\\zahid\\Workspace\\personal-workspace\\kharcha\\src\\routes\\_authenticated\\transactions.tsx","statementMap":{"0":{"start":{"line":33,"column":13},"end":{"line":35,"column":null}},"1":{"start":{"line":38,"column":8},"end":{"line":38,"column":null}},"2":{"start":{"line":39,"column":8},"end":{"line":39,"column":null}},"3":{"start":{"line":40,"column":8},"end":{"line":42,"column":null}},"4":{"start":{"line":43,"column":8},"end":{"line":43,"column":null}},"5":{"start":{"line":44,"column":35},"end":{"line":44,"column":null}},"6":{"start":{"line":45,"column":45},"end":{"line":45,"column":null}},"7":{"start":{"line":46,"column":53},"end":{"line":46,"column":null}},"8":{"start":{"line":47,"column":35},"end":{"line":47,"column":null}},"9":{"start":{"line":49,"column":23},"end":{"line":57,"column":null}},"10":{"start":{"line":50,"column":4},"end":{"line":56,"column":null}},"11":{"start":{"line":51,"column":6},"end":{"line":51,"column":null}},"12":{"start":{"line":52,"column":6},"end":{"line":52,"column":null}},"13":{"start":{"line":54,"column":6},"end":{"line":54,"column":null}},"14":{"start":{"line":55,"column":6},"end":{"line":55,"column":null}},"15":{"start":{"line":59,"column":8},"end":{"line":117,"column":null}},"16":{"start":{"line":60,"column":4},"end":{"line":60,"column":null}},"17":{"start":{"line":60,"column":23},"end":{"line":60,"column":null}},"18":{"start":{"line":62,"column":4},"end":{"line":110,"column":null}},"19":{"start":{"line":64,"column":6},"end":{"line":69,"column":null}},"20":{"start":{"line":68,"column":8},"end":{"line":68,"column":null}},"21":{"start":{"line":72,"column":6},"end":{"line":74,"column":null}},"22":{"start":{"line":73,"column":8},"end":{"line":73,"column":null}},"23":{"start":{"line":77,"column":6},"end":{"line":82,"column":null}},"24":{"start":{"line":81,"column":8},"end":{"line":81,"column":null}},"25":{"start":{"line":85,"column":6},"end":{"line":107,"column":null}},"26":{"start":{"line":86,"column":32},"end":{"line":86,"column":null}},"27":{"start":{"line":87,"column":20},"end":{"line":87,"column":null}},"28":{"start":{"line":88,"column":22},"end":{"line":91,"column":null}},"29":{"start":{"line":93,"column":24},"end":{"line":93,"column":null}},"30":{"start":{"line":94,"column":25},"end":{"line":94,"column":null}},"31":{"start":{"line":96,"column":8},"end":{"line":106,"column":null}},"32":{"start":{"line":98,"column":12},"end":{"line":98,"column":null}},"33":{"start":{"line":98,"column":41},"end":{"line":98,"column":null}},"34":{"start":{"line":99,"column":12},"end":{"line":99,"column":null}},"35":{"start":{"line":101,"column":12},"end":{"line":101,"column":null}},"36":{"start":{"line":101,"column":43},"end":{"line":101,"column":null}},"37":{"start":{"line":102,"column":12},"end":{"line":102,"column":null}},"38":{"start":{"line":104,"column":12},"end":{"line":104,"column":null}},"39":{"start":{"line":104,"column":44},"end":{"line":104,"column":null}},"40":{"start":{"line":105,"column":12},"end":{"line":105,"column":null}},"41":{"start":{"line":109,"column":6},"end":{"line":109,"column":null}},"42":{"start":{"line":158,"column":29},"end":{"line":158,"column":null}},"43":{"start":{"line":220,"column":38},"end":{"line":332,"column":31}},"44":{"start":{"line":319,"column":45},"end":{"line":319,"column":null}},"45":{"start":{"line":333,"column":46},"end":{"line":362,"column":13}}},"fnMap":{"0":{"name":"TransactionsPage","decl":{"start":{"line":37,"column":9},"end":{"line":37,"column":null}},"loc":{"start":{"line":37,"column":9},"end":{"line":378,"column":null}},"line":37},"1":{"name":"(anonymous_1)","decl":{"start":{"line":49,"column":23},"end":{"line":49,"column":30}},"loc":{"start":{"line":49,"column":30},"end":{"line":57,"column":null}},"line":49},"2":{"name":"(anonymous_2)","decl":{"start":{"line":59,"column":39},"end":{"line":59,"column":null}},"loc":{"start":{"line":59,"column":39},"end":{"line":111,"column":5}},"line":59},"3":{"name":"(anonymous_3)","decl":{"start":{"line":62,"column":31},"end":{"line":62,"column":32}},"loc":{"start":{"line":62,"column":32},"end":{"line":110,"column":null}},"line":62},"4":{"name":"(anonymous_4)","decl":{"start":{"line":158,"column":22},"end":{"line":158,"column":23}},"loc":{"start":{"line":158,"column":29},"end":{"line":158,"column":null}},"line":158},"5":{"name":"(anonymous_5)","decl":{"start":{"line":220,"column":37},"end":{"line":220,"column":38}},"loc":{"start":{"line":220,"column":38},"end":{"line":332,"column":31}},"line":220},"6":{"name":"(anonymous_6)","decl":{"start":{"line":319,"column":39},"end":{"line":319,"column":45}},"loc":{"start":{"line":319,"column":45},"end":{"line":319,"column":null}},"line":319},"7":{"name":"(anonymous_7)","decl":{"start":{"line":333,"column":42},"end":{"line":333,"column":43}},"loc":{"start":{"line":333,"column":46},"end":{"line":362,"column":13}},"line":333}},"branchMap":{"0":{"loc":{"start":{"line":60,"column":4},"end":{"line":60,"column":null}},"type":"if","locations":[{"start":{"line":60,"column":4},"end":{"line":60,"column":null}},{"start":{},"end":{}}],"line":60},"1":{"loc":{"start":{"line":64,"column":6},"end":{"line":69,"column":null}},"type":"if","locations":[{"start":{"line":64,"column":6},"end":{"line":69,"column":null}},{"start":{},"end":{}}],"line":64},"2":{"loc":{"start":{"line":65,"column":8},"end":{"line":66,"column":null}},"type":"binary-expr","locations":[{"start":{"line":65,"column":8},"end":{"line":65,"column":null}},{"start":{"line":66,"column":8},"end":{"line":66,"column":null}}],"line":65},"3":{"loc":{"start":{"line":72,"column":6},"end":{"line":74,"column":null}},"type":"if","locations":[{"start":{"line":72,"column":6},"end":{"line":74,"column":null}},{"start":{},"end":{}}],"line":72},"4":{"loc":{"start":{"line":72,"column":10},"end":{"line":72,"column":72}},"type":"binary-expr","locations":[{"start":{"line":72,"column":10},"end":{"line":72,"column":39}},{"start":{"line":72,"column":39},"end":{"line":72,"column":72}}],"line":72},"5":{"loc":{"start":{"line":77,"column":6},"end":{"line":82,"column":null}},"type":"if","locations":[{"start":{"line":77,"column":6},"end":{"line":82,"column":null}},{"start":{},"end":{}}],"line":77},"6":{"loc":{"start":{"line":78,"column":8},"end":{"line":79,"column":null}},"type":"binary-expr","locations":[{"start":{"line":78,"column":8},"end":{"line":78,"column":null}},{"start":{"line":79,"column":8},"end":{"line":79,"column":null}}],"line":78},"7":{"loc":{"start":{"line":85,"column":6},"end":{"line":107,"column":null}},"type":"if","locations":[{"start":{"line":85,"column":6},"end":{"line":107,"column":null}},{"start":{},"end":{}}],"line":85},"8":{"loc":{"start":{"line":96,"column":8},"end":{"line":106,"column":null}},"type":"switch","locations":[{"start":{"line":97,"column":10},"end":{"line":99,"column":null}},{"start":{"line":100,"column":10},"end":{"line":102,"column":null}},{"start":{"line":103,"column":10},"end":{"line":105,"column":null}}],"line":96},"9":{"loc":{"start":{"line":98,"column":12},"end":{"line":98,"column":null}},"type":"if","locations":[{"start":{"line":98,"column":12},"end":{"line":98,"column":null}},{"start":{},"end":{}}],"line":98},"10":{"loc":{"start":{"line":101,"column":12},"end":{"line":101,"column":null}},"type":"if","locations":[{"start":{"line":101,"column":12},"end":{"line":101,"column":null}},{"start":{},"end":{}}],"line":101},"11":{"loc":{"start":{"line":104,"column":12},"end":{"line":104,"column":null}},"type":"if","locations":[{"start":{"line":104,"column":12},"end":{"line":104,"column":null}},{"start":{},"end":{}}],"line":104},"12":{"loc":{"start":{"line":229,"column":37},"end":{"line":231,"column":null}},"type":"cond-expr","locations":[{"start":{"line":230,"column":24},"end":{"line":230,"column":98}},{"start":{"line":231,"column":24},"end":{"line":231,"column":null}}],"line":229},"13":{"loc":{"start":{"line":234,"column":19},"end":{"line":234,"column":null}},"type":"binary-expr","locations":[{"start":{"line":234,"column":19},"end":{"line":234,"column":53}},{"start":{"line":234,"column":53},"end":{"line":234,"column":null}}],"line":234},"14":{"loc":{"start":{"line":243,"column":25},"end":{"line":243,"column":null}},"type":"binary-expr","locations":[{"start":{"line":243,"column":25},"end":{"line":243,"column":41}},{"start":{"line":243,"column":45},"end":{"line":243,"column":null}}],"line":243},"15":{"loc":{"start":{"line":246,"column":25},"end":{"line":246,"column":null}},"type":"binary-expr","locations":[{"start":{"line":246,"column":25},"end":{"line":246,"column":58}},{"start":{"line":246,"column":58},"end":{"line":246,"column":null}}],"line":246},"16":{"loc":{"start":{"line":263,"column":43},"end":{"line":263,"column":null}},"type":"binary-expr","locations":[{"start":{"line":263,"column":43},"end":{"line":263,"column":76}},{"start":{"line":263,"column":76},"end":{"line":263,"column":null}}],"line":263},"17":{"loc":{"start":{"line":267,"column":25},"end":{"line":267,"column":null}},"type":"binary-expr","locations":[{"start":{"line":267,"column":25},"end":{"line":267,"column":54}},{"start":{"line":267,"column":54},"end":{"line":267,"column":null}}],"line":267},"18":{"loc":{"start":{"line":273,"column":23},"end":{"line":273,"column":null}},"type":"binary-expr","locations":[{"start":{"line":273,"column":23},"end":{"line":273,"column":52}},{"start":{"line":273,"column":52},"end":{"line":273,"column":null}}],"line":273},"19":{"loc":{"start":{"line":368,"column":17},"end":{"line":370,"column":null}},"type":"cond-expr","locations":[{"start":{"line":369,"column":20},"end":{"line":369,"column":null}},{"start":{"line":370,"column":20},"end":{"line":370,"column":null}}],"line":368},"20":{"loc":{"start":{"line":368,"column":17},"end":{"line":368,"column":null}},"type":"binary-expr","locations":[{"start":{"line":368,"column":17},"end":{"line":368,"column":31}},{"start":{"line":368,"column":31},"end":{"line":368,"column":60}},{"start":{"line":368,"column":60},"end":{"line":368,"column":93}},{"start":{"line":368,"column":93},"end":{"line":368,"column":null}}],"line":368}},"s":{"0":0,"1":0,"2":0,"3":0,"4":0,"5":0,"6":0,"7":0,"8":0,"9":0,"10":0,"11":0,"12":0,"13":0,"14":0,"15":0,"16":0,"17":0,"18":0,"19":0,"20":0,"21":0,"22":0,"23":0,"24":0,"25":0,"26":0,"27":0,"28":0,"29":0,"30":0,"31":0,"32":0,"33":0,"34":0,"35":0,"36":0,"37":0,"38":0,"39":0,"40":0,"41":0,"42":0,"43":0,"44":0,"45":0},"f":{"0":0,"1":0,"2":0,"3":0,"4":0,"5":0,"6":0,"7":0},"b":{"0":[0,0],"1":[0,0],"2":[0,0],"3":[0,0],"4":[0,0],"5":[0,0],"6":[0,0],"7":[0,0],"8":[0,0,0],"9":[0,0],"10":[0,0],"11":[0,0],"12":[0,0],"13":[0,0],"14":[0,0],"15":[0,0],"16":[0,0],"17":[0,0],"18":[0,0],"19":[0,0],"20":[0,0,0,0]},"meta":{"lastBranch":21,"lastFunction":8,"lastStatement":46,"seen":{"s:33:13:35:Infinity":0,"f:37:9:37:Infinity":0,"s:38:8:38:Infinity":1,"s:39:8:39:Infinity":2,"s:40:8:42:Infinity":3,"s:43:8:43:Infinity":4,"s:44:35:44:Infinity":5,"s:45:45:45:Infinity":6,"s:46:53:46:Infinity":7,"s:47:35:47:Infinity":8,"s:49:23:57:Infinity":9,"f:49:23:49:30":1,"s:50:4:56:Infinity":10,"s:51:6:51:Infinity":11,"s:52:6:52:Infinity":12,"s:54:6:54:Infinity":13,"s:55:6:55:Infinity":14,"s:59:8:117:Infinity":15,"f:59:39:59:Infinity":2,"b:60:4:60:Infinity:undefined:undefined:undefined:undefined":0,"s:60:4:60:Infinity":16,"s:60:23:60:Infinity":17,"s:62:4:110:Infinity":18,"f:62:31:62:32":3,"b:64:6:69:Infinity:undefined:undefined:undefined:undefined":1,"s:64:6:69:Infinity":19,"b:65:8:65:Infinity:66:8:66:Infinity":2,"s:68:8:68:Infinity":20,"b:72:6:74:Infinity:undefined:undefined:undefined:undefined":3,"s:72:6:74:Infinity":21,"b:72:10:72:39:72:39:72:72":4,"s:73:8:73:Infinity":22,"b:77:6:82:Infinity:undefined:undefined:undefined:undefined":5,"s:77:6:82:Infinity":23,"b:78:8:78:Infinity:79:8:79:Infinity":6,"s:81:8:81:Infinity":24,"b:85:6:107:Infinity:undefined:undefined:undefined:undefined":7,"s:85:6:107:Infinity":25,"s:86:32:86:Infinity":26,"s:87:20:87:Infinity":27,"s:88:22:91:Infinity":28,"s:93:24:93:Infinity":29,"s:94:25:94:Infinity":30,"b:97:10:99:Infinity:100:10:102:Infinity:103:10:105:Infinity":8,"s:96:8:106:Infinity":31,"b:98:12:98:Infinity:undefined:undefined:undefined:undefined":9,"s:98:12:98:Infinity":32,"s:98:41:98:Infinity":33,"s:99:12:99:Infinity":34,"b:101:12:101:Infinity:undefined:undefined:undefined:undefined":10,"s:101:12:101:Infinity":35,"s:101:43:101:Infinity":36,"s:102:12:102:Infinity":37,"b:104:12:104:Infinity:undefined:undefined:undefined:undefined":11,"s:104:12:104:Infinity":38,"s:104:44:104:Infinity":39,"s:105:12:105:Infinity":40,"s:109:6:109:Infinity":41,"f:158:22:158:23":4,"s:158:29:158:Infinity":42,"f:220:37:220:38":5,"s:220:38:332:31":43,"b:230:24:230:98:231:24:231:Infinity":12,"b:234:19:234:53:234:53:234:Infinity":13,"b:243:25:243:41:243:45:243:Infinity":14,"b:246:25:246:58:246:58:246:Infinity":15,"b:263:43:263:76:263:76:263:Infinity":16,"b:267:25:267:54:267:54:267:Infinity":17,"b:273:23:273:52:273:52:273:Infinity":18,"f:319:39:319:45":6,"s:319:45:319:Infinity":44,"f:333:42:333:43":7,"s:333:46:362:13":45,"b:369:20:369:Infinity:370:20:370:Infinity":19,"b:368:17:368:31:368:31:368:60:368:60:368:93:368:93:368:Infinity":20}}}
,"C:\\Users\\zahid\\Workspace\\personal-workspace\\kharcha\\src\\types\\index.ts": {"path":"C:\\Users\\zahid\\Workspace\\personal-workspace\\kharcha\\src\\types\\index.ts","statementMap":{"0":{"start":{"line":55,"column":42},"end":{"line":60,"column":null}},"1":{"start":{"line":62,"column":34},"end":{"line":66,"column":null}},"2":{"start":{"line":68,"column":40},"end":{"line":71,"column":null}},"3":{"start":{"line":73,"column":39},"end":{"line":77,"column":null}},"4":{"start":{"line":136,"column":37},"end":{"line":144,"column":null}}},"fnMap":{},"branchMap":{},"s":{"0":0,"1":0,"2":0,"3":0,"4":0},"f":{},"b":{},"meta":{"lastBranch":0,"lastFunction":0,"lastStatement":5,"seen":{"s:55:42:60:Infinity":0,"s:62:34:66:Infinity":1,"s:68:40:71:Infinity":2,"s:73:39:77:Infinity":3,"s:136:37:144:Infinity":4}}}
}
